2015-11-28 02:08:29,067 INFO org.apache.hadoop.yarn.server.resourcemanager.ResourceManager: STARTUP_MSG: 
/************************************************************
STARTUP_MSG: Starting ResourceManager
STARTUP_MSG:   host = anmol-vm1-new/10.0.1.190
STARTUP_MSG:   args = []
STARTUP_MSG:   version = 2.4.2-SNAPSHOT
STARTUP_MSG:   classpath = /home/hadoop/yarnpp/hadoop-2.4.2-SNAPSHOT/etc/hadoop:/home/hadoop/yarnpp/hadoop-2.4.2-SNAPSHOT/etc/hadoop:/home/hadoop/yarnpp/hadoop-2.4.2-SNAPSHOT/etc/hadoop:/home/hadoop/yarnpp/hadoop-2.4.2-SNAPSHOT/share/hadoop/common/lib/zookeeper-3.4.5.jar:/home/hadoop/yarnpp/hadoop-2.4.2-SNAPSHOT/share/hadoop/common/lib/jackson-core-asl-1.8.8.jar:/home/hadoop/yarnpp/hadoop-2.4.2-SNAPSHOT/share/hadoop/common/lib/jetty-6.1.26.jar:/home/hadoop/yarnpp/hadoop-2.4.2-SNAPSHOT/share/hadoop/common/lib/commons-compress-1.4.1.jar:/home/hadoop/yarnpp/hadoop-2.4.2-SNAPSHOT/share/hadoop/common/lib/jaxb-impl-2.2.3-1.jar:/home/hadoop/yarnpp/hadoop-2.4.2-SNAPSHOT/share/hadoop/common/lib/log4j-1.2.17.jar:/home/hadoop/yarnpp/hadoop-2.4.2-SNAPSHOT/share/hadoop/common/lib/avro-1.7.4.jar:/home/hadoop/yarnpp/hadoop-2.4.2-SNAPSHOT/share/hadoop/common/lib/asm-3.2.jar:/home/hadoop/yarnpp/hadoop-2.4.2-SNAPSHOT/share/hadoop/common/lib/commons-configuration-1.6.jar:/home/hadoop/yarnpp/hadoop-2.4.2-SNAPSHOT/share/hadoop/common/lib/jsp-api-2.1.jar:/home/hadoop/yarnpp/hadoop-2.4.2-SNAPSHOT/share/hadoop/common/lib/jackson-jaxrs-1.8.8.jar:/home/hadoop/yarnpp/hadoop-2.4.2-SNAPSHOT/share/hadoop/common/lib/commons-lang-2.6.jar:/home/hadoop/yarnpp/hadoop-2.4.2-SNAPSHOT/share/hadoop/common/lib/jetty-util-6.1.26.jar:/home/hadoop/yarnpp/hadoop-2.4.2-SNAPSHOT/share/hadoop/common/lib/servlet-api-2.5.jar:/home/hadoop/yarnpp/hadoop-2.4.2-SNAPSHOT/share/hadoop/common/lib/jets3t-0.9.0.jar:/home/hadoop/yarnpp/hadoop-2.4.2-SNAPSHOT/share/hadoop/common/lib/activation-1.1.jar:/home/hadoop/yarnpp/hadoop-2.4.2-SNAPSHOT/share/hadoop/common/lib/commons-collections-3.2.1.jar:/home/hadoop/yarnpp/hadoop-2.4.2-SNAPSHOT/share/hadoop/common/lib/xz-1.0.jar:/home/hadoop/yarnpp/hadoop-2.4.2-SNAPSHOT/share/hadoop/common/lib/slf4j-log4j12-1.7.5.jar:/home/hadoop/yarnpp/hadoop-2.4.2-SNAPSHOT/share/hadoop/common/lib/commons-beanutils-core-1.8.0.jar:/home/hadoop/yarnpp/hadoop-2.4.2-SNAPSHOT/share/hadoop/common/lib/commons-cli-1.2.jar:/home/hadoop/yarnpp/hadoop-2.4.2-SNAPSHOT/share/hadoop/common/lib/snappy-java-1.0.4.1.jar:/home/hadoop/yarnpp/hadoop-2.4.2-SNAPSHOT/share/hadoop/common/lib/java-xmlbuilder-0.4.jar:/home/hadoop/yarnpp/hadoop-2.4.2-SNAPSHOT/share/hadoop/common/lib/jaxb-api-2.2.2.jar:/home/hadoop/yarnpp/hadoop-2.4.2-SNAPSHOT/share/hadoop/common/lib/commons-codec-1.4.jar:/home/hadoop/yarnpp/hadoop-2.4.2-SNAPSHOT/share/hadoop/common/lib/jersey-server-1.9.jar:/home/hadoop/yarnpp/hadoop-2.4.2-SNAPSHOT/share/hadoop/common/lib/jersey-core-1.9.jar:/home/hadoop/yarnpp/hadoop-2.4.2-SNAPSHOT/share/hadoop/common/lib/junit-4.8.2.jar:/home/hadoop/yarnpp/hadoop-2.4.2-SNAPSHOT/share/hadoop/common/lib/hadoop-auth-2.4.2-SNAPSHOT.jar:/home/hadoop/yarnpp/hadoop-2.4.2-SNAPSHOT/share/hadoop/common/lib/commons-beanutils-1.7.0.jar:/home/hadoop/yarnpp/hadoop-2.4.2-SNAPSHOT/share/hadoop/common/lib/httpcore-4.2.5.jar:/home/hadoop/yarnpp/hadoop-2.4.2-SNAPSHOT/share/hadoop/common/lib/netty-3.6.2.Final.jar:/home/hadoop/yarnpp/hadoop-2.4.2-SNAPSHOT/share/hadoop/common/lib/guava-11.0.2.jar:/home/hadoop/yarnpp/hadoop-2.4.2-SNAPSHOT/share/hadoop/common/lib/commons-httpclient-3.1.jar:/home/hadoop/yarnpp/hadoop-2.4.2-SNAPSHOT/share/hadoop/common/lib/protobuf-java-2.5.0.jar:/home/hadoop/yarnpp/hadoop-2.4.2-SNAPSHOT/share/hadoop/common/lib/jackson-xc-1.8.8.jar:/home/hadoop/yarnpp/hadoop-2.4.2-SNAPSHOT/share/hadoop/common/lib/commons-el-1.0.jar:/home/hadoop/yarnpp/hadoop-2.4.2-SNAPSHOT/share/hadoop/common/lib/jettison-1.1.jar:/home/hadoop/yarnpp/hadoop-2.4.2-SNAPSHOT/share/hadoop/common/lib/jsch-0.1.42.jar:/home/hadoop/yarnpp/hadoop-2.4.2-SNAPSHOT/share/hadoop/common/lib/xmlenc-0.52.jar:/home/hadoop/yarnpp/hadoop-2.4.2-SNAPSHOT/share/hadoop/common/lib/slf4j-api-1.7.5.jar:/home/hadoop/yarnpp/hadoop-2.4.2-SNAPSHOT/share/hadoop/common/lib/hadoop-annotations-2.4.2-SNAPSHOT.jar:/home/hadoop/yarnpp/hadoop-2.4.2-SNAPSHOT/share/hadoop/common/lib/commons-io-2.4.jar:/home/hadoop/yarnpp/hadoop-2.4.2-SNAPSHOT/share/hadoop/common/lib/jackson-mapper-asl-1.8.8.jar:/home/hadoop/yarnpp/hadoop-2.4.2-SNAPSHOT/share/hadoop/common/lib/paranamer-2.3.jar:/home/hadoop/yarnpp/hadoop-2.4.2-SNAPSHOT/share/hadoop/common/lib/commons-math3-3.1.1.jar:/home/hadoop/yarnpp/hadoop-2.4.2-SNAPSHOT/share/hadoop/common/lib/jasper-compiler-5.5.23.jar:/home/hadoop/yarnpp/hadoop-2.4.2-SNAPSHOT/share/hadoop/common/lib/commons-net-3.1.jar:/home/hadoop/yarnpp/hadoop-2.4.2-SNAPSHOT/share/hadoop/common/lib/jasper-runtime-5.5.23.jar:/home/hadoop/yarnpp/hadoop-2.4.2-SNAPSHOT/share/hadoop/common/lib/jersey-json-1.9.jar:/home/hadoop/yarnpp/hadoop-2.4.2-SNAPSHOT/share/hadoop/common/lib/stax-api-1.0-2.jar:/home/hadoop/yarnpp/hadoop-2.4.2-SNAPSHOT/share/hadoop/common/lib/jsr305-1.3.9.jar:/home/hadoop/yarnpp/hadoop-2.4.2-SNAPSHOT/share/hadoop/common/lib/httpclient-4.2.5.jar:/home/hadoop/yarnpp/hadoop-2.4.2-SNAPSHOT/share/hadoop/common/lib/commons-logging-1.1.3.jar:/home/hadoop/yarnpp/hadoop-2.4.2-SNAPSHOT/share/hadoop/common/lib/commons-digester-1.8.jar:/home/hadoop/yarnpp/hadoop-2.4.2-SNAPSHOT/share/hadoop/common/lib/mockito-all-1.8.5.jar:/home/hadoop/yarnpp/hadoop-2.4.2-SNAPSHOT/share/hadoop/common/hadoop-nfs-2.4.2-SNAPSHOT.jar:/home/hadoop/yarnpp/hadoop-2.4.2-SNAPSHOT/share/hadoop/common/hadoop-common-2.4.2-SNAPSHOT.jar:/home/hadoop/yarnpp/hadoop-2.4.2-SNAPSHOT/share/hadoop/common/hadoop-common-2.4.2-SNAPSHOT-tests.jar:/home/hadoop/yarnpp/hadoop-2.4.2-SNAPSHOT/share/hadoop/hdfs:/home/hadoop/yarnpp/hadoop-2.4.2-SNAPSHOT/share/hadoop/hdfs/lib/jackson-core-asl-1.8.8.jar:/home/hadoop/yarnpp/hadoop-2.4.2-SNAPSHOT/share/hadoop/hdfs/lib/jetty-6.1.26.jar:/home/hadoop/yarnpp/hadoop-2.4.2-SNAPSHOT/share/hadoop/hdfs/lib/log4j-1.2.17.jar:/home/hadoop/yarnpp/hadoop-2.4.2-SNAPSHOT/share/hadoop/hdfs/lib/asm-3.2.jar:/home/hadoop/yarnpp/hadoop-2.4.2-SNAPSHOT/share/hadoop/hdfs/lib/jsp-api-2.1.jar:/home/hadoop/yarnpp/hadoop-2.4.2-SNAPSHOT/share/hadoop/hdfs/lib/commons-lang-2.6.jar:/home/hadoop/yarnpp/hadoop-2.4.2-SNAPSHOT/share/hadoop/hdfs/lib/jetty-util-6.1.26.jar:/home/hadoop/yarnpp/hadoop-2.4.2-SNAPSHOT/share/hadoop/hdfs/lib/servlet-api-2.5.jar:/home/hadoop/yarnpp/hadoop-2.4.2-SNAPSHOT/share/hadoop/hdfs/lib/commons-daemon-1.0.13.jar:/home/hadoop/yarnpp/hadoop-2.4.2-SNAPSHOT/share/hadoop/hdfs/lib/commons-cli-1.2.jar:/home/hadoop/yarnpp/hadoop-2.4.2-SNAPSHOT/share/hadoop/hdfs/lib/commons-codec-1.4.jar:/home/hadoop/yarnpp/hadoop-2.4.2-SNAPSHOT/share/hadoop/hdfs/lib/jersey-server-1.9.jar:/home/hadoop/yarnpp/hadoop-2.4.2-SNAPSHOT/share/hadoop/hdfs/lib/jersey-core-1.9.jar:/home/hadoop/yarnpp/hadoop-2.4.2-SNAPSHOT/share/hadoop/hdfs/lib/netty-3.6.2.Final.jar:/home/hadoop/yarnpp/hadoop-2.4.2-SNAPSHOT/share/hadoop/hdfs/lib/guava-11.0.2.jar:/home/hadoop/yarnpp/hadoop-2.4.2-SNAPSHOT/share/hadoop/hdfs/lib/protobuf-java-2.5.0.jar:/home/hadoop/yarnpp/hadoop-2.4.2-SNAPSHOT/share/hadoop/hdfs/lib/commons-el-1.0.jar:/home/hadoop/yarnpp/hadoop-2.4.2-SNAPSHOT/share/hadoop/hdfs/lib/xmlenc-0.52.jar:/home/hadoop/yarnpp/hadoop-2.4.2-SNAPSHOT/share/hadoop/hdfs/lib/commons-io-2.4.jar:/home/hadoop/yarnpp/hadoop-2.4.2-SNAPSHOT/share/hadoop/hdfs/lib/jackson-mapper-asl-1.8.8.jar:/home/hadoop/yarnpp/hadoop-2.4.2-SNAPSHOT/share/hadoop/hdfs/lib/jasper-runtime-5.5.23.jar:/home/hadoop/yarnpp/hadoop-2.4.2-SNAPSHOT/share/hadoop/hdfs/lib/jsr305-1.3.9.jar:/home/hadoop/yarnpp/hadoop-2.4.2-SNAPSHOT/share/hadoop/hdfs/lib/commons-logging-1.1.3.jar:/home/hadoop/yarnpp/hadoop-2.4.2-SNAPSHOT/share/hadoop/hdfs/hadoop-hdfs-2.4.2-SNAPSHOT-tests.jar:/home/hadoop/yarnpp/hadoop-2.4.2-SNAPSHOT/share/hadoop/hdfs/hadoop-hdfs-2.4.2-SNAPSHOT.jar:/home/hadoop/yarnpp/hadoop-2.4.2-SNAPSHOT/share/hadoop/hdfs/hadoop-hdfs-nfs-2.4.2-SNAPSHOT.jar:/home/hadoop/yarnpp/hadoop-2.4.2-SNAPSHOT/share/hadoop/yarn/lib/zookeeper-3.4.5.jar:/home/hadoop/yarnpp/hadoop-2.4.2-SNAPSHOT/share/hadoop/yarn/lib/jackson-core-asl-1.8.8.jar:/home/hadoop/yarnpp/hadoop-2.4.2-SNAPSHOT/share/hadoop/yarn/lib/jersey-guice-1.9.jar:/home/hadoop/yarnpp/hadoop-2.4.2-SNAPSHOT/share/hadoop/yarn/lib/guice-3.0.jar:/home/hadoop/yarnpp/hadoop-2.4.2-SNAPSHOT/share/hadoop/yarn/lib/jetty-6.1.26.jar:/home/hadoop/yarnpp/hadoop-2.4.2-SNAPSHOT/share/hadoop/yarn/lib/commons-compress-1.4.1.jar:/home/hadoop/yarnpp/hadoop-2.4.2-SNAPSHOT/share/hadoop/yarn/lib/jaxb-impl-2.2.3-1.jar:/home/hadoop/yarnpp/hadoop-2.4.2-SNAPSHOT/share/hadoop/yarn/lib/log4j-1.2.17.jar:/home/hadoop/yarnpp/hadoop-2.4.2-SNAPSHOT/share/hadoop/yarn/lib/guice-servlet-3.0.jar:/home/hadoop/yarnpp/hadoop-2.4.2-SNAPSHOT/share/hadoop/yarn/lib/asm-3.2.jar:/home/hadoop/yarnpp/hadoop-2.4.2-SNAPSHOT/share/hadoop/yarn/lib/jackson-jaxrs-1.8.8.jar:/home/hadoop/yarnpp/hadoop-2.4.2-SNAPSHOT/share/hadoop/yarn/lib/commons-lang-2.6.jar:/home/hadoop/yarnpp/hadoop-2.4.2-SNAPSHOT/share/hadoop/yarn/lib/jetty-util-6.1.26.jar:/home/hadoop/yarnpp/hadoop-2.4.2-SNAPSHOT/share/hadoop/yarn/lib/servlet-api-2.5.jar:/home/hadoop/yarnpp/hadoop-2.4.2-SNAPSHOT/share/hadoop/yarn/lib/activation-1.1.jar:/home/hadoop/yarnpp/hadoop-2.4.2-SNAPSHOT/share/hadoop/yarn/lib/commons-collections-3.2.1.jar:/home/hadoop/yarnpp/hadoop-2.4.2-SNAPSHOT/share/hadoop/yarn/lib/xz-1.0.jar:/home/hadoop/yarnpp/hadoop-2.4.2-SNAPSHOT/share/hadoop/yarn/lib/jersey-client-1.9.jar:/home/hadoop/yarnpp/hadoop-2.4.2-SNAPSHOT/share/hadoop/yarn/lib/commons-cli-1.2.jar:/home/hadoop/yarnpp/hadoop-2.4.2-SNAPSHOT/share/hadoop/yarn/lib/jaxb-api-2.2.2.jar:/home/hadoop/yarnpp/hadoop-2.4.2-SNAPSHOT/share/hadoop/yarn/lib/commons-codec-1.4.jar:/home/hadoop/yarnpp/hadoop-2.4.2-SNAPSHOT/share/hadoop/yarn/lib/jersey-server-1.9.jar:/home/hadoop/yarnpp/hadoop-2.4.2-SNAPSHOT/share/hadoop/yarn/lib/jersey-core-1.9.jar:/home/hadoop/yarnpp/hadoop-2.4.2-SNAPSHOT/share/hadoop/yarn/lib/leveldbjni-all-1.8.jar:/home/hadoop/yarnpp/hadoop-2.4.2-SNAPSHOT/share/hadoop/yarn/lib/guava-11.0.2.jar:/home/hadoop/yarnpp/hadoop-2.4.2-SNAPSHOT/share/hadoop/yarn/lib/commons-httpclient-3.1.jar:/home/hadoop/yarnpp/hadoop-2.4.2-SNAPSHOT/share/hadoop/yarn/lib/protobuf-java-2.5.0.jar:/home/hadoop/yarnpp/hadoop-2.4.2-SNAPSHOT/share/hadoop/yarn/lib/jackson-xc-1.8.8.jar:/home/hadoop/yarnpp/hadoop-2.4.2-SNAPSHOT/share/hadoop/yarn/lib/jettison-1.1.jar:/home/hadoop/yarnpp/hadoop-2.4.2-SNAPSHOT/share/hadoop/yarn/lib/commons-io-2.4.jar:/home/hadoop/yarnpp/hadoop-2.4.2-SNAPSHOT/share/hadoop/yarn/lib/jackson-mapper-asl-1.8.8.jar:/home/hadoop/yarnpp/hadoop-2.4.2-SNAPSHOT/share/hadoop/yarn/lib/jersey-json-1.9.jar:/home/hadoop/yarnpp/hadoop-2.4.2-SNAPSHOT/share/hadoop/yarn/lib/stax-api-1.0-2.jar:/home/hadoop/yarnpp/hadoop-2.4.2-SNAPSHOT/share/hadoop/yarn/lib/jsr305-1.3.9.jar:/home/hadoop/yarnpp/hadoop-2.4.2-SNAPSHOT/share/hadoop/yarn/lib/javax.inject-1.jar:/home/hadoop/yarnpp/hadoop-2.4.2-SNAPSHOT/share/hadoop/yarn/lib/jline-0.9.94.jar:/home/hadoop/yarnpp/hadoop-2.4.2-SNAPSHOT/share/hadoop/yarn/lib/aopalliance-1.0.jar:/home/hadoop/yarnpp/hadoop-2.4.2-SNAPSHOT/share/hadoop/yarn/lib/commons-logging-1.1.3.jar:/home/hadoop/yarnpp/hadoop-2.4.2-SNAPSHOT/share/hadoop/yarn/hadoop-yarn-client-2.4.2-SNAPSHOT.jar:/home/hadoop/yarnpp/hadoop-2.4.2-SNAPSHOT/share/hadoop/yarn/hadoop-yarn-api-2.4.2-SNAPSHOT.jar:/home/hadoop/yarnpp/hadoop-2.4.2-SNAPSHOT/share/hadoop/yarn/hadoop-yarn-server-tests-2.4.2-SNAPSHOT.jar:/home/hadoop/yarnpp/hadoop-2.4.2-SNAPSHOT/share/hadoop/yarn/hadoop-yarn-server-web-proxy-2.4.2-SNAPSHOT.jar:/home/hadoop/yarnpp/hadoop-2.4.2-SNAPSHOT/share/hadoop/yarn/hadoop-yarn-server-resourcemanager-2.4.2-SNAPSHOT.jar:/home/hadoop/yarnpp/hadoop-2.4.2-SNAPSHOT/share/hadoop/yarn/hadoop-yarn-server-applicationhistoryservice-2.4.2-SNAPSHOT.jar:/home/hadoop/yarnpp/hadoop-2.4.2-SNAPSHOT/share/hadoop/yarn/hadoop-yarn-server-common-2.4.2-SNAPSHOT.jar:/home/hadoop/yarnpp/hadoop-2.4.2-SNAPSHOT/share/hadoop/yarn/hadoop-yarn-applications-distributedshell-2.4.2-SNAPSHOT.jar:/home/hadoop/yarnpp/hadoop-2.4.2-SNAPSHOT/share/hadoop/yarn/hadoop-yarn-applications-unmanaged-am-launcher-2.4.2-SNAPSHOT.jar:/home/hadoop/yarnpp/hadoop-2.4.2-SNAPSHOT/share/hadoop/yarn/hadoop-yarn-server-nodemanager-2.4.2-SNAPSHOT.jar:/home/hadoop/yarnpp/hadoop-2.4.2-SNAPSHOT/share/hadoop/yarn/hadoop-yarn-common-2.4.2-SNAPSHOT.jar:/home/hadoop/yarnpp/hadoop-2.4.2-SNAPSHOT/share/hadoop/mapreduce/lib/junit-4.10.jar:/home/hadoop/yarnpp/hadoop-2.4.2-SNAPSHOT/share/hadoop/mapreduce/lib/jackson-core-asl-1.8.8.jar:/home/hadoop/yarnpp/hadoop-2.4.2-SNAPSHOT/share/hadoop/mapreduce/lib/jersey-guice-1.9.jar:/home/hadoop/yarnpp/hadoop-2.4.2-SNAPSHOT/share/hadoop/mapreduce/lib/guice-3.0.jar:/home/hadoop/yarnpp/hadoop-2.4.2-SNAPSHOT/share/hadoop/mapreduce/lib/commons-compress-1.4.1.jar:/home/hadoop/yarnpp/hadoop-2.4.2-SNAPSHOT/share/hadoop/mapreduce/lib/log4j-1.2.17.jar:/home/hadoop/yarnpp/hadoop-2.4.2-SNAPSHOT/share/hadoop/mapreduce/lib/guice-servlet-3.0.jar:/home/hadoop/yarnpp/hadoop-2.4.2-SNAPSHOT/share/hadoop/mapreduce/lib/avro-1.7.4.jar:/home/hadoop/yarnpp/hadoop-2.4.2-SNAPSHOT/share/hadoop/mapreduce/lib/asm-3.2.jar:/home/hadoop/yarnpp/hadoop-2.4.2-SNAPSHOT/share/hadoop/mapreduce/lib/xz-1.0.jar:/home/hadoop/yarnpp/hadoop-2.4.2-SNAPSHOT/share/hadoop/mapreduce/lib/snappy-java-1.0.4.1.jar:/home/hadoop/yarnpp/hadoop-2.4.2-SNAPSHOT/share/hadoop/mapreduce/lib/jersey-server-1.9.jar:/home/hadoop/yarnpp/hadoop-2.4.2-SNAPSHOT/share/hadoop/mapreduce/lib/jersey-core-1.9.jar:/home/hadoop/yarnpp/hadoop-2.4.2-SNAPSHOT/share/hadoop/mapreduce/lib/netty-3.6.2.Final.jar:/home/hadoop/yarnpp/hadoop-2.4.2-SNAPSHOT/share/hadoop/mapreduce/lib/protobuf-java-2.5.0.jar:/home/hadoop/yarnpp/hadoop-2.4.2-SNAPSHOT/share/hadoop/mapreduce/lib/hamcrest-core-1.1.jar:/home/hadoop/yarnpp/hadoop-2.4.2-SNAPSHOT/share/hadoop/mapreduce/lib/hadoop-annotations-2.4.2-SNAPSHOT.jar:/home/hadoop/yarnpp/hadoop-2.4.2-SNAPSHOT/share/hadoop/mapreduce/lib/commons-io-2.4.jar:/home/hadoop/yarnpp/hadoop-2.4.2-SNAPSHOT/share/hadoop/mapreduce/lib/jackson-mapper-asl-1.8.8.jar:/home/hadoop/yarnpp/hadoop-2.4.2-SNAPSHOT/share/hadoop/mapreduce/lib/paranamer-2.3.jar:/home/hadoop/yarnpp/hadoop-2.4.2-SNAPSHOT/share/hadoop/mapreduce/lib/javax.inject-1.jar:/home/hadoop/yarnpp/hadoop-2.4.2-SNAPSHOT/share/hadoop/mapreduce/lib/aopalliance-1.0.jar:/home/hadoop/yarnpp/hadoop-2.4.2-SNAPSHOT/share/hadoop/mapreduce/hadoop-mapreduce-client-hs-plugins-2.4.2-SNAPSHOT.jar:/home/hadoop/yarnpp/hadoop-2.4.2-SNAPSHOT/share/hadoop/mapreduce/hadoop-mapreduce-client-jobclient-2.4.2-SNAPSHOT-tests.jar:/home/hadoop/yarnpp/hadoop-2.4.2-SNAPSHOT/share/hadoop/mapreduce/hadoop-mapreduce-client-jobclient-2.4.2-SNAPSHOT.jar:/home/hadoop/yarnpp/hadoop-2.4.2-SNAPSHOT/share/hadoop/mapreduce/hadoop-mapreduce-client-shuffle-2.4.2-SNAPSHOT.jar:/home/hadoop/yarnpp/hadoop-2.4.2-SNAPSHOT/share/hadoop/mapreduce/hadoop-mapreduce-client-core-2.4.2-SNAPSHOT.jar:/home/hadoop/yarnpp/hadoop-2.4.2-SNAPSHOT/share/hadoop/mapreduce/hadoop-mapreduce-client-common-2.4.2-SNAPSHOT.jar:/home/hadoop/yarnpp/hadoop-2.4.2-SNAPSHOT/share/hadoop/mapreduce/hadoop-mapreduce-client-hs-2.4.2-SNAPSHOT.jar:/home/hadoop/yarnpp/hadoop-2.4.2-SNAPSHOT/share/hadoop/mapreduce/hadoop-mapreduce-examples-2.4.2-SNAPSHOT.jar:/home/hadoop/yarnpp/hadoop-2.4.2-SNAPSHOT/share/hadoop/mapreduce/hadoop-mapreduce-client-app-2.4.2-SNAPSHOT.jar:/contrib/capacity-scheduler/*.jar:/contrib/capacity-scheduler/*.jar:/contrib/capacity-scheduler/*.jar:/home/hadoop/yarnpp/hadoop-2.4.2-SNAPSHOT/share/hadoop/yarn/hadoop-yarn-client-2.4.2-SNAPSHOT.jar:/home/hadoop/yarnpp/hadoop-2.4.2-SNAPSHOT/share/hadoop/yarn/hadoop-yarn-api-2.4.2-SNAPSHOT.jar:/home/hadoop/yarnpp/hadoop-2.4.2-SNAPSHOT/share/hadoop/yarn/hadoop-yarn-server-tests-2.4.2-SNAPSHOT.jar:/home/hadoop/yarnpp/hadoop-2.4.2-SNAPSHOT/share/hadoop/yarn/hadoop-yarn-server-web-proxy-2.4.2-SNAPSHOT.jar:/home/hadoop/yarnpp/hadoop-2.4.2-SNAPSHOT/share/hadoop/yarn/hadoop-yarn-server-resourcemanager-2.4.2-SNAPSHOT.jar:/home/hadoop/yarnpp/hadoop-2.4.2-SNAPSHOT/share/hadoop/yarn/hadoop-yarn-server-applicationhistoryservice-2.4.2-SNAPSHOT.jar:/home/hadoop/yarnpp/hadoop-2.4.2-SNAPSHOT/share/hadoop/yarn/hadoop-yarn-server-common-2.4.2-SNAPSHOT.jar:/home/hadoop/yarnpp/hadoop-2.4.2-SNAPSHOT/share/hadoop/yarn/hadoop-yarn-applications-distributedshell-2.4.2-SNAPSHOT.jar:/home/hadoop/yarnpp/hadoop-2.4.2-SNAPSHOT/share/hadoop/yarn/hadoop-yarn-applications-unmanaged-am-launcher-2.4.2-SNAPSHOT.jar:/home/hadoop/yarnpp/hadoop-2.4.2-SNAPSHOT/share/hadoop/yarn/hadoop-yarn-server-nodemanager-2.4.2-SNAPSHOT.jar:/home/hadoop/yarnpp/hadoop-2.4.2-SNAPSHOT/share/hadoop/yarn/hadoop-yarn-common-2.4.2-SNAPSHOT.jar:/home/hadoop/yarnpp/hadoop-2.4.2-SNAPSHOT/share/hadoop/yarn/lib/zookeeper-3.4.5.jar:/home/hadoop/yarnpp/hadoop-2.4.2-SNAPSHOT/share/hadoop/yarn/lib/jackson-core-asl-1.8.8.jar:/home/hadoop/yarnpp/hadoop-2.4.2-SNAPSHOT/share/hadoop/yarn/lib/jersey-guice-1.9.jar:/home/hadoop/yarnpp/hadoop-2.4.2-SNAPSHOT/share/hadoop/yarn/lib/guice-3.0.jar:/home/hadoop/yarnpp/hadoop-2.4.2-SNAPSHOT/share/hadoop/yarn/lib/jetty-6.1.26.jar:/home/hadoop/yarnpp/hadoop-2.4.2-SNAPSHOT/share/hadoop/yarn/lib/commons-compress-1.4.1.jar:/home/hadoop/yarnpp/hadoop-2.4.2-SNAPSHOT/share/hadoop/yarn/lib/jaxb-impl-2.2.3-1.jar:/home/hadoop/yarnpp/hadoop-2.4.2-SNAPSHOT/share/hadoop/yarn/lib/log4j-1.2.17.jar:/home/hadoop/yarnpp/hadoop-2.4.2-SNAPSHOT/share/hadoop/yarn/lib/guice-servlet-3.0.jar:/home/hadoop/yarnpp/hadoop-2.4.2-SNAPSHOT/share/hadoop/yarn/lib/asm-3.2.jar:/home/hadoop/yarnpp/hadoop-2.4.2-SNAPSHOT/share/hadoop/yarn/lib/jackson-jaxrs-1.8.8.jar:/home/hadoop/yarnpp/hadoop-2.4.2-SNAPSHOT/share/hadoop/yarn/lib/commons-lang-2.6.jar:/home/hadoop/yarnpp/hadoop-2.4.2-SNAPSHOT/share/hadoop/yarn/lib/jetty-util-6.1.26.jar:/home/hadoop/yarnpp/hadoop-2.4.2-SNAPSHOT/share/hadoop/yarn/lib/servlet-api-2.5.jar:/home/hadoop/yarnpp/hadoop-2.4.2-SNAPSHOT/share/hadoop/yarn/lib/activation-1.1.jar:/home/hadoop/yarnpp/hadoop-2.4.2-SNAPSHOT/share/hadoop/yarn/lib/commons-collections-3.2.1.jar:/home/hadoop/yarnpp/hadoop-2.4.2-SNAPSHOT/share/hadoop/yarn/lib/xz-1.0.jar:/home/hadoop/yarnpp/hadoop-2.4.2-SNAPSHOT/share/hadoop/yarn/lib/jersey-client-1.9.jar:/home/hadoop/yarnpp/hadoop-2.4.2-SNAPSHOT/share/hadoop/yarn/lib/commons-cli-1.2.jar:/home/hadoop/yarnpp/hadoop-2.4.2-SNAPSHOT/share/hadoop/yarn/lib/jaxb-api-2.2.2.jar:/home/hadoop/yarnpp/hadoop-2.4.2-SNAPSHOT/share/hadoop/yarn/lib/commons-codec-1.4.jar:/home/hadoop/yarnpp/hadoop-2.4.2-SNAPSHOT/share/hadoop/yarn/lib/jersey-server-1.9.jar:/home/hadoop/yarnpp/hadoop-2.4.2-SNAPSHOT/share/hadoop/yarn/lib/jersey-core-1.9.jar:/home/hadoop/yarnpp/hadoop-2.4.2-SNAPSHOT/share/hadoop/yarn/lib/leveldbjni-all-1.8.jar:/home/hadoop/yarnpp/hadoop-2.4.2-SNAPSHOT/share/hadoop/yarn/lib/guava-11.0.2.jar:/home/hadoop/yarnpp/hadoop-2.4.2-SNAPSHOT/share/hadoop/yarn/lib/commons-httpclient-3.1.jar:/home/hadoop/yarnpp/hadoop-2.4.2-SNAPSHOT/share/hadoop/yarn/lib/protobuf-java-2.5.0.jar:/home/hadoop/yarnpp/hadoop-2.4.2-SNAPSHOT/share/hadoop/yarn/lib/jackson-xc-1.8.8.jar:/home/hadoop/yarnpp/hadoop-2.4.2-SNAPSHOT/share/hadoop/yarn/lib/jettison-1.1.jar:/home/hadoop/yarnpp/hadoop-2.4.2-SNAPSHOT/share/hadoop/yarn/lib/commons-io-2.4.jar:/home/hadoop/yarnpp/hadoop-2.4.2-SNAPSHOT/share/hadoop/yarn/lib/jackson-mapper-asl-1.8.8.jar:/home/hadoop/yarnpp/hadoop-2.4.2-SNAPSHOT/share/hadoop/yarn/lib/jersey-json-1.9.jar:/home/hadoop/yarnpp/hadoop-2.4.2-SNAPSHOT/share/hadoop/yarn/lib/stax-api-1.0-2.jar:/home/hadoop/yarnpp/hadoop-2.4.2-SNAPSHOT/share/hadoop/yarn/lib/jsr305-1.3.9.jar:/home/hadoop/yarnpp/hadoop-2.4.2-SNAPSHOT/share/hadoop/yarn/lib/javax.inject-1.jar:/home/hadoop/yarnpp/hadoop-2.4.2-SNAPSHOT/share/hadoop/yarn/lib/jline-0.9.94.jar:/home/hadoop/yarnpp/hadoop-2.4.2-SNAPSHOT/share/hadoop/yarn/lib/aopalliance-1.0.jar:/home/hadoop/yarnpp/hadoop-2.4.2-SNAPSHOT/share/hadoop/yarn/lib/commons-logging-1.1.3.jar:/home/hadoop/yarnpp/hadoop-2.4.2-SNAPSHOT/etc/hadoop/rm-config/log4j.properties
STARTUP_MSG:   build = https://github.com/anmolnehru/838-mercury-final-project.git -r fb7173400094bb0f1c0b5ad847102eb8ae5ecd61; compiled by 'ubuntu' on 2015-11-27T21:58Z
STARTUP_MSG:   java = 1.7.0_85
************************************************************/
2015-11-28 02:08:29,078 INFO org.apache.hadoop.yarn.server.resourcemanager.ResourceManager: registered UNIX signal handlers for [TERM, HUP, INT]
2015-11-28 02:08:29,341 INFO org.apache.hadoop.conf.Configuration: found resource core-site.xml at file:/home/hadoop/yarnpp/hadoop-2.4.2-SNAPSHOT/etc/hadoop/core-site.xml
2015-11-28 02:08:29,482 WARN org.apache.hadoop.util.NativeCodeLoader: Unable to load native-hadoop library for your platform... using builtin-java classes where applicable
2015-11-28 02:08:29,483 INFO org.apache.hadoop.security.Groups: clearing userToGroupsMap cache
2015-11-28 02:08:29,490 INFO org.apache.hadoop.conf.Configuration: found resource yarn-site.xml at file:/home/hadoop/yarnpp/hadoop-2.4.2-SNAPSHOT/etc/hadoop/yarn-site.xml
2015-11-28 02:08:29,581 INFO org.apache.hadoop.yarn.event.AsyncDispatcher: Registering class org.apache.hadoop.yarn.server.resourcemanager.RMFatalEventType for class org.apache.hadoop.yarn.server.resourcemanager.ResourceManager$RMFatalEventDispatcher
2015-11-28 02:08:29,693 INFO org.apache.hadoop.yarn.server.resourcemanager.security.NMTokenSecretManagerInRM: NMTokenKeyRollingInterval: 86400000ms and NMTokenKeyActivationDelay: 900000ms
2015-11-28 02:08:29,698 INFO org.apache.hadoop.yarn.server.resourcemanager.security.RMContainerTokenSecretManager: ContainerTokenKeyRollingInterval: 86400000ms and ContainerTokenKeyActivationDelay: 900000ms
2015-11-28 02:08:29,703 INFO org.apache.hadoop.yarn.server.resourcemanager.security.AMRMTokenSecretManager: Rolling master-key for amrm-tokens
2015-11-28 02:08:29,718 INFO org.apache.hadoop.yarn.event.AsyncDispatcher: Registering class org.apache.hadoop.yarn.server.resourcemanager.recovery.RMStateStoreEventType for class org.apache.hadoop.yarn.server.resourcemanager.recovery.RMStateStore$ForwardingEventHandler
2015-11-28 02:08:29,960 INFO org.apache.hadoop.yarn.event.AsyncDispatcher: Registering class org.apache.hadoop.yarn.server.resourcemanager.NodesListManagerEventType for class org.apache.hadoop.yarn.server.resourcemanager.NodesListManager
2015-11-28 02:08:29,961 INFO org.apache.hadoop.yarn.server.resourcemanager.ResourceManager: Using Scheduler: org.apache.hadoop.yarn.server.resourcemanager.scheduler.capacity.CapacityScheduler
2015-11-28 02:08:29,998 INFO org.apache.hadoop.yarn.event.AsyncDispatcher: Registering class org.apache.hadoop.yarn.server.resourcemanager.scheduler.event.SchedulerEventType for class org.apache.hadoop.yarn.server.resourcemanager.ResourceManager$SchedulerEventDispatcher
2015-11-28 02:08:29,999 INFO org.apache.hadoop.yarn.event.AsyncDispatcher: Registering class org.apache.hadoop.yarn.server.resourcemanager.rmapp.RMAppEventType for class org.apache.hadoop.yarn.server.resourcemanager.ResourceManager$ApplicationEventDispatcher
2015-11-28 02:08:30,000 INFO org.apache.hadoop.yarn.event.AsyncDispatcher: Registering class org.apache.hadoop.yarn.server.resourcemanager.rmapp.attempt.RMAppAttemptEventType for class org.apache.hadoop.yarn.server.resourcemanager.ResourceManager$ApplicationAttemptEventDispatcher
2015-11-28 02:08:30,001 INFO org.apache.hadoop.yarn.event.AsyncDispatcher: Registering class org.apache.hadoop.yarn.server.resourcemanager.rmnode.RMNodeEventType for class org.apache.hadoop.yarn.server.resourcemanager.ResourceManager$NodeEventDispatcher
2015-11-28 02:08:30,091 INFO org.apache.hadoop.metrics2.impl.MetricsConfig: loaded properties from hadoop-metrics2.properties
2015-11-28 02:08:30,179 INFO org.apache.hadoop.metrics2.impl.MetricsSystemImpl: Scheduled snapshot period at 10 second(s).
2015-11-28 02:08:30,179 INFO org.apache.hadoop.metrics2.impl.MetricsSystemImpl: ResourceManager metrics system started
2015-11-28 02:08:30,188 INFO org.apache.hadoop.conf.Configuration: found resource capacity-scheduler.xml at file:/home/hadoop/yarnpp/hadoop-2.4.2-SNAPSHOT/etc/hadoop/capacity-scheduler.xml
2015-11-28 02:08:30,264 INFO org.apache.hadoop.yarn.server.resourcemanager.scheduler.capacity.ParentQueue: root, capacity=1.0, asboluteCapacity=1.0, maxCapacity=1.0, asboluteMaxCapacity=1.0, state=RUNNING, acls=ADMINISTER_QUEUE:*SUBMIT_APPLICATIONS:*
2015-11-28 02:08:30,264 INFO org.apache.hadoop.yarn.server.resourcemanager.scheduler.capacity.ParentQueue: Initialized parent-queue root name=root, fullname=root
2015-11-28 02:08:30,275 INFO org.apache.hadoop.yarn.server.resourcemanager.scheduler.capacity.LeafQueue: Initializing default
capacity = 1.0 [= (float) configuredCapacity / 100 ]
asboluteCapacity = 1.0 [= parentAbsoluteCapacity * capacity ]
maxCapacity = 1.0 [= configuredMaxCapacity ]
absoluteMaxCapacity = 1.0 [= 1.0 maximumCapacity undefined, (parentAbsoluteMaxCapacity * maximumCapacity) / 100 otherwise ]
userLimit = 100 [= configuredUserLimit ]
userLimitFactor = 1.0 [= configuredUserLimitFactor ]
maxApplications = 10000 [= configuredMaximumSystemApplicationsPerQueue or (int)(configuredMaximumSystemApplications * absoluteCapacity)]
maxApplicationsPerUser = 10000 [= (int)(maxApplications * (userLimit / 100.0f) * userLimitFactor) ]
maxActiveApplications = 1 [= max((int)ceil((clusterResourceMemory / minimumAllocation) * maxAMResourcePerQueuePercent * absoluteMaxCapacity),1) ]
maxActiveAppsUsingAbsCap = 1 [= max((int)ceil((clusterResourceMemory / minimumAllocation) *maxAMResourcePercent * absoluteCapacity),1) ]
maxActiveApplicationsPerUser = 1 [= max((int)(maxActiveApplications * (userLimit / 100.0f) * userLimitFactor),1) ]
usedCapacity = 0.0 [= usedResourcesMemory / (clusterResourceMemory * absoluteCapacity)]
absoluteUsedCapacity = 0.0 [= usedResourcesMemory / clusterResourceMemory]
maxAMResourcePerQueuePercent = 0.1 [= configuredMaximumAMResourcePercent ]
minimumAllocationFactor = 0.875 [= (float)(maximumAllocationMemory - minimumAllocationMemory) / maximumAllocationMemory ]
numContainers = 0 [= currentNumContainers ]
state = RUNNING [= configuredState ]
acls = ADMINISTER_QUEUE:*SUBMIT_APPLICATIONS:* [= configuredAcls ]
nodeLocalityDelay = 40

2015-11-28 02:08:30,276 INFO org.apache.hadoop.yarn.server.resourcemanager.scheduler.capacity.CapacityScheduler: Initialized queue: default: capacity=1.0, absoluteCapacity=1.0, usedResources=<memory:0, vCores:0>, usedCapacity=0.0, absoluteUsedCapacity=0.0, numApps=0, numContainers=0
2015-11-28 02:08:30,276 INFO org.apache.hadoop.yarn.server.resourcemanager.scheduler.capacity.CapacityScheduler: Initialized queue: root: numChildQueue= 1, capacity=1.0, absoluteCapacity=1.0, usedResources=<memory:0, vCores:0>usedCapacity=0.0, numApps=0, numContainers=0
2015-11-28 02:08:30,276 INFO org.apache.hadoop.yarn.server.resourcemanager.scheduler.capacity.CapacityScheduler: Initialized root queue root: numChildQueue= 1, capacity=1.0, absoluteCapacity=1.0, usedResources=<memory:0, vCores:0>usedCapacity=0.0, numApps=0, numContainers=0
2015-11-28 02:08:30,276 INFO org.apache.hadoop.yarn.server.resourcemanager.scheduler.capacity.CapacityScheduler: Initialized CapacityScheduler with calculator=class org.apache.hadoop.yarn.util.resource.DefaultResourceCalculator, minimumAllocation=<<memory:1024, vCores:1>>, maximumAllocation=<<memory:8192, vCores:32>>, asynchronousScheduling=false, asyncScheduleInterval=5ms
2015-11-28 02:08:30,276 INFO org.apache.hadoop.yarn.server.resourcemanager.scheduler.capacity.CapacityScheduler: Slow node checking: false
2015-11-28 02:08:30,319 INFO org.apache.hadoop.yarn.event.AsyncDispatcher: Registering class org.apache.hadoop.yarn.server.resourcemanager.RMAppManagerEventType for class org.apache.hadoop.yarn.server.resourcemanager.RMAppManager
2015-11-28 02:08:30,324 INFO org.apache.hadoop.yarn.event.AsyncDispatcher: Registering class org.apache.hadoop.yarn.server.resourcemanager.amlauncher.AMLauncherEventType for class org.apache.hadoop.yarn.server.resourcemanager.amlauncher.ApplicationMasterLauncher
2015-11-28 02:08:30,327 INFO org.apache.hadoop.yarn.server.resourcemanager.RMNMInfo: Registered RMNMInfo MBean
2015-11-28 02:08:30,330 INFO org.apache.hadoop.yarn.event.AsyncDispatcher: Registering class org.apache.hadoop.yarn.server.resourcemanager.ahs.WritingHistoryEventType for class org.apache.hadoop.yarn.server.resourcemanager.ahs.RMApplicationHistoryWriter$ForwardingEventHandler
2015-11-28 02:08:30,330 INFO org.apache.hadoop.yarn.event.AsyncDispatcher: Registering class org.apache.hadoop.yarn.server.resourcemanager.ahs.WritingHistoryEventType for class org.apache.hadoop.yarn.server.resourcemanager.ahs.RMApplicationHistoryWriter$ForwardingEventHandler
2015-11-28 02:08:30,330 INFO org.apache.hadoop.yarn.event.AsyncDispatcher: Registering class org.apache.hadoop.yarn.server.resourcemanager.ahs.WritingHistoryEventType for class org.apache.hadoop.yarn.server.resourcemanager.ahs.RMApplicationHistoryWriter$ForwardingEventHandler
2015-11-28 02:08:30,330 INFO org.apache.hadoop.yarn.event.AsyncDispatcher: Registering class org.apache.hadoop.yarn.server.resourcemanager.ahs.WritingHistoryEventType for class org.apache.hadoop.yarn.server.resourcemanager.ahs.RMApplicationHistoryWriter$ForwardingEventHandler
2015-11-28 02:08:30,330 INFO org.apache.hadoop.yarn.event.AsyncDispatcher: Registering class org.apache.hadoop.yarn.server.resourcemanager.ahs.WritingHistoryEventType for class org.apache.hadoop.yarn.server.resourcemanager.ahs.RMApplicationHistoryWriter$ForwardingEventHandler
2015-11-28 02:08:30,330 INFO org.apache.hadoop.yarn.event.AsyncDispatcher: Registering class org.apache.hadoop.yarn.server.resourcemanager.ahs.WritingHistoryEventType for class org.apache.hadoop.yarn.server.resourcemanager.ahs.RMApplicationHistoryWriter$ForwardingEventHandler
2015-11-28 02:08:30,330 INFO org.apache.hadoop.yarn.event.AsyncDispatcher: Registering class org.apache.hadoop.yarn.server.resourcemanager.ahs.WritingHistoryEventType for class org.apache.hadoop.yarn.server.resourcemanager.ahs.RMApplicationHistoryWriter$ForwardingEventHandler
2015-11-28 02:08:30,330 INFO org.apache.hadoop.yarn.event.AsyncDispatcher: Registering class org.apache.hadoop.yarn.server.resourcemanager.ahs.WritingHistoryEventType for class org.apache.hadoop.yarn.server.resourcemanager.ahs.RMApplicationHistoryWriter$ForwardingEventHandler
2015-11-28 02:08:30,330 INFO org.apache.hadoop.yarn.event.AsyncDispatcher: Registering class org.apache.hadoop.yarn.server.resourcemanager.ahs.WritingHistoryEventType for class org.apache.hadoop.yarn.server.resourcemanager.ahs.RMApplicationHistoryWriter$ForwardingEventHandler
2015-11-28 02:08:30,330 INFO org.apache.hadoop.yarn.event.AsyncDispatcher: Registering class org.apache.hadoop.yarn.server.resourcemanager.ahs.WritingHistoryEventType for class org.apache.hadoop.yarn.server.resourcemanager.ahs.RMApplicationHistoryWriter$ForwardingEventHandler
2015-11-28 02:08:30,332 INFO org.apache.hadoop.util.HostsFileReader: Refreshing hosts (include/exclude) list
2015-11-28 02:08:30,342 INFO org.apache.hadoop.yarn.server.resourcemanager.ResourceManager: Transitioning to active state
2015-11-28 02:08:30,349 INFO org.apache.hadoop.yarn.server.resourcemanager.security.RMContainerTokenSecretManager: Rolling master-key for container-tokens
2015-11-28 02:08:30,350 INFO org.apache.hadoop.yarn.server.resourcemanager.security.AMRMTokenSecretManager: Rolling master-key for amrm-tokens
2015-11-28 02:08:30,352 INFO org.apache.hadoop.yarn.server.resourcemanager.security.NMTokenSecretManagerInRM: Rolling master-key for nm-tokens
2015-11-28 02:08:30,353 INFO org.apache.hadoop.security.token.delegation.AbstractDelegationTokenSecretManager: Updating the current master key for generating delegation tokens
2015-11-28 02:08:30,353 INFO org.apache.hadoop.yarn.server.resourcemanager.security.RMDelegationTokenSecretManager: storing master key with keyID 1
2015-11-28 02:08:30,356 INFO org.apache.hadoop.security.token.delegation.AbstractDelegationTokenSecretManager: Starting expired delegation token remover thread, tokenRemoverScanInterval=60 min(s)
2015-11-28 02:08:30,357 INFO org.apache.hadoop.security.token.delegation.AbstractDelegationTokenSecretManager: Updating the current master key for generating delegation tokens
2015-11-28 02:08:30,357 INFO org.apache.hadoop.yarn.server.resourcemanager.security.RMDelegationTokenSecretManager: storing master key with keyID 2
2015-11-28 02:08:30,407 INFO org.apache.hadoop.ipc.CallQueueManager: Using callQueue class java.util.concurrent.LinkedBlockingQueue
2015-11-28 02:08:30,423 INFO org.apache.hadoop.service.AbstractService: Service org.apache.hadoop.yarn.server.resourcemanager.ResourceTrackerService failed in state STARTED; cause: org.apache.hadoop.yarn.exceptions.YarnRuntimeException: java.net.BindException: Problem binding to [0.0.0.0:8031] java.net.BindException: Address already in use; For more details see:  http://wiki.apache.org/hadoop/BindException
org.apache.hadoop.yarn.exceptions.YarnRuntimeException: java.net.BindException: Problem binding to [0.0.0.0:8031] java.net.BindException: Address already in use; For more details see:  http://wiki.apache.org/hadoop/BindException
	at org.apache.hadoop.yarn.factories.impl.pb.RpcServerFactoryPBImpl.getServer(RpcServerFactoryPBImpl.java:139)
	at org.apache.hadoop.yarn.ipc.HadoopYarnProtoRPC.getServer(HadoopYarnProtoRPC.java:65)
	at org.apache.hadoop.yarn.ipc.YarnRPC.getServer(YarnRPC.java:54)
	at org.apache.hadoop.yarn.server.resourcemanager.ResourceTrackerService.serviceStart(ResourceTrackerService.java:177)
	at org.apache.hadoop.service.AbstractService.start(AbstractService.java:193)
	at org.apache.hadoop.service.CompositeService.serviceStart(CompositeService.java:120)
	at org.apache.hadoop.yarn.server.resourcemanager.ResourceManager$RMActiveServices.serviceStart(ResourceManager.java:516)
	at org.apache.hadoop.service.AbstractService.start(AbstractService.java:193)
	at org.apache.hadoop.yarn.server.resourcemanager.ResourceManager.startActiveServices(ResourceManager.java:857)
	at org.apache.hadoop.yarn.server.resourcemanager.ResourceManager$1.run(ResourceManager.java:897)
	at org.apache.hadoop.yarn.server.resourcemanager.ResourceManager$1.run(ResourceManager.java:894)
	at java.security.AccessController.doPrivileged(Native Method)
	at javax.security.auth.Subject.doAs(Subject.java:415)
	at org.apache.hadoop.security.UserGroupInformation.doAs(UserGroupInformation.java:1561)
	at org.apache.hadoop.yarn.server.resourcemanager.ResourceManager.transitionToActive(ResourceManager.java:894)
	at org.apache.hadoop.yarn.server.resourcemanager.ResourceManager.serviceStart(ResourceManager.java:938)
	at org.apache.hadoop.service.AbstractService.start(AbstractService.java:193)
	at org.apache.hadoop.yarn.server.resourcemanager.ResourceManager.main(ResourceManager.java:1063)
Caused by: java.net.BindException: Problem binding to [0.0.0.0:8031] java.net.BindException: Address already in use; For more details see:  http://wiki.apache.org/hadoop/BindException
	at org.apache.hadoop.net.NetUtils.wrapException(NetUtils.java:719)
	at org.apache.hadoop.ipc.Server.bind(Server.java:419)
	at org.apache.hadoop.ipc.Server$Listener.<init>(Server.java:561)
	at org.apache.hadoop.ipc.Server.<init>(Server.java:2167)
	at org.apache.hadoop.ipc.RPC$Server.<init>(RPC.java:897)
	at org.apache.hadoop.ipc.ProtobufRpcEngine$Server.<init>(ProtobufRpcEngine.java:505)
	at org.apache.hadoop.ipc.ProtobufRpcEngine.getServer(ProtobufRpcEngine.java:480)
	at org.apache.hadoop.ipc.RPC$Builder.build(RPC.java:742)
	at org.apache.hadoop.yarn.factories.impl.pb.RpcServerFactoryPBImpl.createServer(RpcServerFactoryPBImpl.java:169)
	at org.apache.hadoop.yarn.factories.impl.pb.RpcServerFactoryPBImpl.getServer(RpcServerFactoryPBImpl.java:132)
	... 17 more
2015-11-28 02:08:30,426 INFO org.apache.hadoop.service.AbstractService: Service RMActiveServices failed in state STARTED; cause: org.apache.hadoop.yarn.exceptions.YarnRuntimeException: java.net.BindException: Problem binding to [0.0.0.0:8031] java.net.BindException: Address already in use; For more details see:  http://wiki.apache.org/hadoop/BindException
org.apache.hadoop.yarn.exceptions.YarnRuntimeException: java.net.BindException: Problem binding to [0.0.0.0:8031] java.net.BindException: Address already in use; For more details see:  http://wiki.apache.org/hadoop/BindException
	at org.apache.hadoop.yarn.factories.impl.pb.RpcServerFactoryPBImpl.getServer(RpcServerFactoryPBImpl.java:139)
	at org.apache.hadoop.yarn.ipc.HadoopYarnProtoRPC.getServer(HadoopYarnProtoRPC.java:65)
	at org.apache.hadoop.yarn.ipc.YarnRPC.getServer(YarnRPC.java:54)
	at org.apache.hadoop.yarn.server.resourcemanager.ResourceTrackerService.serviceStart(ResourceTrackerService.java:177)
	at org.apache.hadoop.service.AbstractService.start(AbstractService.java:193)
	at org.apache.hadoop.service.CompositeService.serviceStart(CompositeService.java:120)
	at org.apache.hadoop.yarn.server.resourcemanager.ResourceManager$RMActiveServices.serviceStart(ResourceManager.java:516)
	at org.apache.hadoop.service.AbstractService.start(AbstractService.java:193)
	at org.apache.hadoop.yarn.server.resourcemanager.ResourceManager.startActiveServices(ResourceManager.java:857)
	at org.apache.hadoop.yarn.server.resourcemanager.ResourceManager$1.run(ResourceManager.java:897)
	at org.apache.hadoop.yarn.server.resourcemanager.ResourceManager$1.run(ResourceManager.java:894)
	at java.security.AccessController.doPrivileged(Native Method)
	at javax.security.auth.Subject.doAs(Subject.java:415)
	at org.apache.hadoop.security.UserGroupInformation.doAs(UserGroupInformation.java:1561)
	at org.apache.hadoop.yarn.server.resourcemanager.ResourceManager.transitionToActive(ResourceManager.java:894)
	at org.apache.hadoop.yarn.server.resourcemanager.ResourceManager.serviceStart(ResourceManager.java:938)
	at org.apache.hadoop.service.AbstractService.start(AbstractService.java:193)
	at org.apache.hadoop.yarn.server.resourcemanager.ResourceManager.main(ResourceManager.java:1063)
Caused by: java.net.BindException: Problem binding to [0.0.0.0:8031] java.net.BindException: Address already in use; For more details see:  http://wiki.apache.org/hadoop/BindException
	at org.apache.hadoop.net.NetUtils.wrapException(NetUtils.java:719)
	at org.apache.hadoop.ipc.Server.bind(Server.java:419)
	at org.apache.hadoop.ipc.Server$Listener.<init>(Server.java:561)
	at org.apache.hadoop.ipc.Server.<init>(Server.java:2167)
	at org.apache.hadoop.ipc.RPC$Server.<init>(RPC.java:897)
	at org.apache.hadoop.ipc.ProtobufRpcEngine$Server.<init>(ProtobufRpcEngine.java:505)
	at org.apache.hadoop.ipc.ProtobufRpcEngine.getServer(ProtobufRpcEngine.java:480)
	at org.apache.hadoop.ipc.RPC$Builder.build(RPC.java:742)
	at org.apache.hadoop.yarn.factories.impl.pb.RpcServerFactoryPBImpl.createServer(RpcServerFactoryPBImpl.java:169)
	at org.apache.hadoop.yarn.factories.impl.pb.RpcServerFactoryPBImpl.getServer(RpcServerFactoryPBImpl.java:132)
	... 17 more
2015-11-28 02:08:30,427 INFO org.apache.hadoop.metrics2.impl.MetricsSystemImpl: Stopping ResourceManager metrics system...
2015-11-28 02:08:30,428 INFO org.apache.hadoop.metrics2.impl.MetricsSystemImpl: ResourceManager metrics system stopped.
2015-11-28 02:08:30,428 INFO org.apache.hadoop.metrics2.impl.MetricsSystemImpl: ResourceManager metrics system shutdown complete.
2015-11-28 02:08:30,428 INFO org.apache.hadoop.yarn.event.AsyncDispatcher: AsyncDispatcher is draining to stop, igonring any new events.
2015-11-28 02:08:30,430 INFO org.apache.hadoop.yarn.util.AbstractLivelinessMonitor: NMLivelinessMonitor thread interrupted
2015-11-28 02:08:30,430 ERROR org.apache.hadoop.yarn.server.resourcemanager.ResourceManager: Returning, interrupted : java.lang.InterruptedException
2015-11-28 02:08:30,431 INFO org.apache.hadoop.yarn.event.AsyncDispatcher: AsyncDispatcher is draining to stop, igonring any new events.
2015-11-28 02:08:30,432 INFO org.apache.hadoop.yarn.event.AsyncDispatcher: AsyncDispatcher is draining to stop, igonring any new events.
2015-11-28 02:08:30,446 INFO org.apache.hadoop.yarn.event.AsyncDispatcher: AsyncDispatcher is draining to stop, igonring any new events.
2015-11-28 02:08:30,447 INFO org.apache.hadoop.yarn.event.AsyncDispatcher: AsyncDispatcher is draining to stop, igonring any new events.
2015-11-28 02:08:30,447 INFO org.apache.hadoop.yarn.event.AsyncDispatcher: AsyncDispatcher is draining to stop, igonring any new events.
2015-11-28 02:08:30,447 INFO org.apache.hadoop.yarn.event.AsyncDispatcher: AsyncDispatcher is draining to stop, igonring any new events.
2015-11-28 02:08:30,447 INFO org.apache.hadoop.yarn.event.AsyncDispatcher: AsyncDispatcher is draining to stop, igonring any new events.
2015-11-28 02:08:30,447 INFO org.apache.hadoop.yarn.event.AsyncDispatcher: AsyncDispatcher is draining to stop, igonring any new events.
2015-11-28 02:08:30,447 INFO org.apache.hadoop.yarn.event.AsyncDispatcher: AsyncDispatcher is draining to stop, igonring any new events.
2015-11-28 02:08:30,448 INFO org.apache.hadoop.yarn.event.AsyncDispatcher: AsyncDispatcher is draining to stop, igonring any new events.
2015-11-28 02:08:30,448 INFO org.apache.hadoop.yarn.util.AbstractLivelinessMonitor: AMLivelinessMonitor thread interrupted
2015-11-28 02:08:30,448 INFO org.apache.hadoop.yarn.util.AbstractLivelinessMonitor: AMLivelinessMonitor thread interrupted
2015-11-28 02:08:30,448 ERROR org.apache.hadoop.security.token.delegation.AbstractDelegationTokenSecretManager: ExpiredTokenRemover received java.lang.InterruptedException: sleep interrupted
2015-11-28 02:08:30,448 INFO org.apache.hadoop.service.AbstractService: Service ResourceManager failed in state STARTED; cause: org.apache.hadoop.yarn.exceptions.YarnRuntimeException: java.net.BindException: Problem binding to [0.0.0.0:8031] java.net.BindException: Address already in use; For more details see:  http://wiki.apache.org/hadoop/BindException
org.apache.hadoop.yarn.exceptions.YarnRuntimeException: java.net.BindException: Problem binding to [0.0.0.0:8031] java.net.BindException: Address already in use; For more details see:  http://wiki.apache.org/hadoop/BindException
	at org.apache.hadoop.yarn.factories.impl.pb.RpcServerFactoryPBImpl.getServer(RpcServerFactoryPBImpl.java:139)
	at org.apache.hadoop.yarn.ipc.HadoopYarnProtoRPC.getServer(HadoopYarnProtoRPC.java:65)
	at org.apache.hadoop.yarn.ipc.YarnRPC.getServer(YarnRPC.java:54)
	at org.apache.hadoop.yarn.server.resourcemanager.ResourceTrackerService.serviceStart(ResourceTrackerService.java:177)
	at org.apache.hadoop.service.AbstractService.start(AbstractService.java:193)
	at org.apache.hadoop.service.CompositeService.serviceStart(CompositeService.java:120)
	at org.apache.hadoop.yarn.server.resourcemanager.ResourceManager$RMActiveServices.serviceStart(ResourceManager.java:516)
	at org.apache.hadoop.service.AbstractService.start(AbstractService.java:193)
	at org.apache.hadoop.yarn.server.resourcemanager.ResourceManager.startActiveServices(ResourceManager.java:857)
	at org.apache.hadoop.yarn.server.resourcemanager.ResourceManager$1.run(ResourceManager.java:897)
	at org.apache.hadoop.yarn.server.resourcemanager.ResourceManager$1.run(ResourceManager.java:894)
	at java.security.AccessController.doPrivileged(Native Method)
	at javax.security.auth.Subject.doAs(Subject.java:415)
	at org.apache.hadoop.security.UserGroupInformation.doAs(UserGroupInformation.java:1561)
	at org.apache.hadoop.yarn.server.resourcemanager.ResourceManager.transitionToActive(ResourceManager.java:894)
	at org.apache.hadoop.yarn.server.resourcemanager.ResourceManager.serviceStart(ResourceManager.java:938)
	at org.apache.hadoop.service.AbstractService.start(AbstractService.java:193)
	at org.apache.hadoop.yarn.server.resourcemanager.ResourceManager.main(ResourceManager.java:1063)
Caused by: java.net.BindException: Problem binding to [0.0.0.0:8031] java.net.BindException: Address already in use; For more details see:  http://wiki.apache.org/hadoop/BindException
	at org.apache.hadoop.net.NetUtils.wrapException(NetUtils.java:719)
	at org.apache.hadoop.ipc.Server.bind(Server.java:419)
	at org.apache.hadoop.ipc.Server$Listener.<init>(Server.java:561)
	at org.apache.hadoop.ipc.Server.<init>(Server.java:2167)
	at org.apache.hadoop.ipc.RPC$Server.<init>(RPC.java:897)
	at org.apache.hadoop.ipc.ProtobufRpcEngine$Server.<init>(ProtobufRpcEngine.java:505)
	at org.apache.hadoop.ipc.ProtobufRpcEngine.getServer(ProtobufRpcEngine.java:480)
	at org.apache.hadoop.ipc.RPC$Builder.build(RPC.java:742)
	at org.apache.hadoop.yarn.factories.impl.pb.RpcServerFactoryPBImpl.createServer(RpcServerFactoryPBImpl.java:169)
	at org.apache.hadoop.yarn.factories.impl.pb.RpcServerFactoryPBImpl.getServer(RpcServerFactoryPBImpl.java:132)
	... 17 more
2015-11-28 02:08:30,449 INFO org.apache.hadoop.yarn.server.resourcemanager.ResourceManager: Transitioning to standby state
2015-11-28 02:08:30,449 INFO org.apache.hadoop.yarn.server.resourcemanager.ResourceManager: Transitioned to standby state
2015-11-28 02:08:30,449 FATAL org.apache.hadoop.yarn.server.resourcemanager.ResourceManager: Error starting ResourceManager
org.apache.hadoop.yarn.exceptions.YarnRuntimeException: java.net.BindException: Problem binding to [0.0.0.0:8031] java.net.BindException: Address already in use; For more details see:  http://wiki.apache.org/hadoop/BindException
	at org.apache.hadoop.yarn.factories.impl.pb.RpcServerFactoryPBImpl.getServer(RpcServerFactoryPBImpl.java:139)
	at org.apache.hadoop.yarn.ipc.HadoopYarnProtoRPC.getServer(HadoopYarnProtoRPC.java:65)
	at org.apache.hadoop.yarn.ipc.YarnRPC.getServer(YarnRPC.java:54)
	at org.apache.hadoop.yarn.server.resourcemanager.ResourceTrackerService.serviceStart(ResourceTrackerService.java:177)
	at org.apache.hadoop.service.AbstractService.start(AbstractService.java:193)
	at org.apache.hadoop.service.CompositeService.serviceStart(CompositeService.java:120)
	at org.apache.hadoop.yarn.server.resourcemanager.ResourceManager$RMActiveServices.serviceStart(ResourceManager.java:516)
	at org.apache.hadoop.service.AbstractService.start(AbstractService.java:193)
	at org.apache.hadoop.yarn.server.resourcemanager.ResourceManager.startActiveServices(ResourceManager.java:857)
	at org.apache.hadoop.yarn.server.resourcemanager.ResourceManager$1.run(ResourceManager.java:897)
	at org.apache.hadoop.yarn.server.resourcemanager.ResourceManager$1.run(ResourceManager.java:894)
	at java.security.AccessController.doPrivileged(Native Method)
	at javax.security.auth.Subject.doAs(Subject.java:415)
	at org.apache.hadoop.security.UserGroupInformation.doAs(UserGroupInformation.java:1561)
	at org.apache.hadoop.yarn.server.resourcemanager.ResourceManager.transitionToActive(ResourceManager.java:894)
	at org.apache.hadoop.yarn.server.resourcemanager.ResourceManager.serviceStart(ResourceManager.java:938)
	at org.apache.hadoop.service.AbstractService.start(AbstractService.java:193)
	at org.apache.hadoop.yarn.server.resourcemanager.ResourceManager.main(ResourceManager.java:1063)
Caused by: java.net.BindException: Problem binding to [0.0.0.0:8031] java.net.BindException: Address already in use; For more details see:  http://wiki.apache.org/hadoop/BindException
	at org.apache.hadoop.net.NetUtils.wrapException(NetUtils.java:719)
	at org.apache.hadoop.ipc.Server.bind(Server.java:419)
	at org.apache.hadoop.ipc.Server$Listener.<init>(Server.java:561)
	at org.apache.hadoop.ipc.Server.<init>(Server.java:2167)
	at org.apache.hadoop.ipc.RPC$Server.<init>(RPC.java:897)
	at org.apache.hadoop.ipc.ProtobufRpcEngine$Server.<init>(ProtobufRpcEngine.java:505)
	at org.apache.hadoop.ipc.ProtobufRpcEngine.getServer(ProtobufRpcEngine.java:480)
	at org.apache.hadoop.ipc.RPC$Builder.build(RPC.java:742)
	at org.apache.hadoop.yarn.factories.impl.pb.RpcServerFactoryPBImpl.createServer(RpcServerFactoryPBImpl.java:169)
	at org.apache.hadoop.yarn.factories.impl.pb.RpcServerFactoryPBImpl.getServer(RpcServerFactoryPBImpl.java:132)
	... 17 more
2015-11-28 02:08:30,455 INFO org.apache.hadoop.yarn.util.AbstractLivelinessMonitor: org.apache.hadoop.yarn.server.resourcemanager.rmcontainer.ContainerAllocationExpirer thread interrupted
2015-11-28 02:08:30,457 INFO org.apache.hadoop.yarn.server.resourcemanager.ResourceManager: SHUTDOWN_MSG: 
/************************************************************
SHUTDOWN_MSG: Shutting down ResourceManager at anmol-vm1-new/10.0.1.190
************************************************************/
2015-11-28 02:27:24,487 INFO org.apache.hadoop.yarn.server.resourcemanager.ResourceManager: STARTUP_MSG: 
/************************************************************
STARTUP_MSG: Starting ResourceManager
STARTUP_MSG:   host = anmol-vm1-new/10.0.1.190
STARTUP_MSG:   args = []
STARTUP_MSG:   version = 2.4.2-SNAPSHOT
STARTUP_MSG:   classpath = /home/hadoop/yarnpp/hadoop-2.4.2-SNAPSHOT/etc/hadoop:/home/hadoop/yarnpp/hadoop-2.4.2-SNAPSHOT/etc/hadoop:/home/hadoop/yarnpp/hadoop-2.4.2-SNAPSHOT/etc/hadoop:/home/hadoop/yarnpp/hadoop-2.4.2-SNAPSHOT/share/hadoop/common/lib/zookeeper-3.4.5.jar:/home/hadoop/yarnpp/hadoop-2.4.2-SNAPSHOT/share/hadoop/common/lib/jackson-core-asl-1.8.8.jar:/home/hadoop/yarnpp/hadoop-2.4.2-SNAPSHOT/share/hadoop/common/lib/jetty-6.1.26.jar:/home/hadoop/yarnpp/hadoop-2.4.2-SNAPSHOT/share/hadoop/common/lib/commons-compress-1.4.1.jar:/home/hadoop/yarnpp/hadoop-2.4.2-SNAPSHOT/share/hadoop/common/lib/jaxb-impl-2.2.3-1.jar:/home/hadoop/yarnpp/hadoop-2.4.2-SNAPSHOT/share/hadoop/common/lib/log4j-1.2.17.jar:/home/hadoop/yarnpp/hadoop-2.4.2-SNAPSHOT/share/hadoop/common/lib/avro-1.7.4.jar:/home/hadoop/yarnpp/hadoop-2.4.2-SNAPSHOT/share/hadoop/common/lib/asm-3.2.jar:/home/hadoop/yarnpp/hadoop-2.4.2-SNAPSHOT/share/hadoop/common/lib/commons-configuration-1.6.jar:/home/hadoop/yarnpp/hadoop-2.4.2-SNAPSHOT/share/hadoop/common/lib/jsp-api-2.1.jar:/home/hadoop/yarnpp/hadoop-2.4.2-SNAPSHOT/share/hadoop/common/lib/jackson-jaxrs-1.8.8.jar:/home/hadoop/yarnpp/hadoop-2.4.2-SNAPSHOT/share/hadoop/common/lib/commons-lang-2.6.jar:/home/hadoop/yarnpp/hadoop-2.4.2-SNAPSHOT/share/hadoop/common/lib/jetty-util-6.1.26.jar:/home/hadoop/yarnpp/hadoop-2.4.2-SNAPSHOT/share/hadoop/common/lib/servlet-api-2.5.jar:/home/hadoop/yarnpp/hadoop-2.4.2-SNAPSHOT/share/hadoop/common/lib/jets3t-0.9.0.jar:/home/hadoop/yarnpp/hadoop-2.4.2-SNAPSHOT/share/hadoop/common/lib/activation-1.1.jar:/home/hadoop/yarnpp/hadoop-2.4.2-SNAPSHOT/share/hadoop/common/lib/commons-collections-3.2.1.jar:/home/hadoop/yarnpp/hadoop-2.4.2-SNAPSHOT/share/hadoop/common/lib/xz-1.0.jar:/home/hadoop/yarnpp/hadoop-2.4.2-SNAPSHOT/share/hadoop/common/lib/slf4j-log4j12-1.7.5.jar:/home/hadoop/yarnpp/hadoop-2.4.2-SNAPSHOT/share/hadoop/common/lib/commons-beanutils-core-1.8.0.jar:/home/hadoop/yarnpp/hadoop-2.4.2-SNAPSHOT/share/hadoop/common/lib/commons-cli-1.2.jar:/home/hadoop/yarnpp/hadoop-2.4.2-SNAPSHOT/share/hadoop/common/lib/snappy-java-1.0.4.1.jar:/home/hadoop/yarnpp/hadoop-2.4.2-SNAPSHOT/share/hadoop/common/lib/java-xmlbuilder-0.4.jar:/home/hadoop/yarnpp/hadoop-2.4.2-SNAPSHOT/share/hadoop/common/lib/jaxb-api-2.2.2.jar:/home/hadoop/yarnpp/hadoop-2.4.2-SNAPSHOT/share/hadoop/common/lib/commons-codec-1.4.jar:/home/hadoop/yarnpp/hadoop-2.4.2-SNAPSHOT/share/hadoop/common/lib/jersey-server-1.9.jar:/home/hadoop/yarnpp/hadoop-2.4.2-SNAPSHOT/share/hadoop/common/lib/jersey-core-1.9.jar:/home/hadoop/yarnpp/hadoop-2.4.2-SNAPSHOT/share/hadoop/common/lib/junit-4.8.2.jar:/home/hadoop/yarnpp/hadoop-2.4.2-SNAPSHOT/share/hadoop/common/lib/hadoop-auth-2.4.2-SNAPSHOT.jar:/home/hadoop/yarnpp/hadoop-2.4.2-SNAPSHOT/share/hadoop/common/lib/commons-beanutils-1.7.0.jar:/home/hadoop/yarnpp/hadoop-2.4.2-SNAPSHOT/share/hadoop/common/lib/httpcore-4.2.5.jar:/home/hadoop/yarnpp/hadoop-2.4.2-SNAPSHOT/share/hadoop/common/lib/netty-3.6.2.Final.jar:/home/hadoop/yarnpp/hadoop-2.4.2-SNAPSHOT/share/hadoop/common/lib/guava-11.0.2.jar:/home/hadoop/yarnpp/hadoop-2.4.2-SNAPSHOT/share/hadoop/common/lib/commons-httpclient-3.1.jar:/home/hadoop/yarnpp/hadoop-2.4.2-SNAPSHOT/share/hadoop/common/lib/protobuf-java-2.5.0.jar:/home/hadoop/yarnpp/hadoop-2.4.2-SNAPSHOT/share/hadoop/common/lib/jackson-xc-1.8.8.jar:/home/hadoop/yarnpp/hadoop-2.4.2-SNAPSHOT/share/hadoop/common/lib/commons-el-1.0.jar:/home/hadoop/yarnpp/hadoop-2.4.2-SNAPSHOT/share/hadoop/common/lib/jettison-1.1.jar:/home/hadoop/yarnpp/hadoop-2.4.2-SNAPSHOT/share/hadoop/common/lib/jsch-0.1.42.jar:/home/hadoop/yarnpp/hadoop-2.4.2-SNAPSHOT/share/hadoop/common/lib/xmlenc-0.52.jar:/home/hadoop/yarnpp/hadoop-2.4.2-SNAPSHOT/share/hadoop/common/lib/slf4j-api-1.7.5.jar:/home/hadoop/yarnpp/hadoop-2.4.2-SNAPSHOT/share/hadoop/common/lib/hadoop-annotations-2.4.2-SNAPSHOT.jar:/home/hadoop/yarnpp/hadoop-2.4.2-SNAPSHOT/share/hadoop/common/lib/commons-io-2.4.jar:/home/hadoop/yarnpp/hadoop-2.4.2-SNAPSHOT/share/hadoop/common/lib/jackson-mapper-asl-1.8.8.jar:/home/hadoop/yarnpp/hadoop-2.4.2-SNAPSHOT/share/hadoop/common/lib/paranamer-2.3.jar:/home/hadoop/yarnpp/hadoop-2.4.2-SNAPSHOT/share/hadoop/common/lib/commons-math3-3.1.1.jar:/home/hadoop/yarnpp/hadoop-2.4.2-SNAPSHOT/share/hadoop/common/lib/jasper-compiler-5.5.23.jar:/home/hadoop/yarnpp/hadoop-2.4.2-SNAPSHOT/share/hadoop/common/lib/commons-net-3.1.jar:/home/hadoop/yarnpp/hadoop-2.4.2-SNAPSHOT/share/hadoop/common/lib/jasper-runtime-5.5.23.jar:/home/hadoop/yarnpp/hadoop-2.4.2-SNAPSHOT/share/hadoop/common/lib/jersey-json-1.9.jar:/home/hadoop/yarnpp/hadoop-2.4.2-SNAPSHOT/share/hadoop/common/lib/stax-api-1.0-2.jar:/home/hadoop/yarnpp/hadoop-2.4.2-SNAPSHOT/share/hadoop/common/lib/jsr305-1.3.9.jar:/home/hadoop/yarnpp/hadoop-2.4.2-SNAPSHOT/share/hadoop/common/lib/httpclient-4.2.5.jar:/home/hadoop/yarnpp/hadoop-2.4.2-SNAPSHOT/share/hadoop/common/lib/commons-logging-1.1.3.jar:/home/hadoop/yarnpp/hadoop-2.4.2-SNAPSHOT/share/hadoop/common/lib/commons-digester-1.8.jar:/home/hadoop/yarnpp/hadoop-2.4.2-SNAPSHOT/share/hadoop/common/lib/mockito-all-1.8.5.jar:/home/hadoop/yarnpp/hadoop-2.4.2-SNAPSHOT/share/hadoop/common/hadoop-nfs-2.4.2-SNAPSHOT.jar:/home/hadoop/yarnpp/hadoop-2.4.2-SNAPSHOT/share/hadoop/common/hadoop-common-2.4.2-SNAPSHOT.jar:/home/hadoop/yarnpp/hadoop-2.4.2-SNAPSHOT/share/hadoop/common/hadoop-common-2.4.2-SNAPSHOT-tests.jar:/home/hadoop/yarnpp/hadoop-2.4.2-SNAPSHOT/share/hadoop/hdfs:/home/hadoop/yarnpp/hadoop-2.4.2-SNAPSHOT/share/hadoop/hdfs/lib/jackson-core-asl-1.8.8.jar:/home/hadoop/yarnpp/hadoop-2.4.2-SNAPSHOT/share/hadoop/hdfs/lib/jetty-6.1.26.jar:/home/hadoop/yarnpp/hadoop-2.4.2-SNAPSHOT/share/hadoop/hdfs/lib/log4j-1.2.17.jar:/home/hadoop/yarnpp/hadoop-2.4.2-SNAPSHOT/share/hadoop/hdfs/lib/asm-3.2.jar:/home/hadoop/yarnpp/hadoop-2.4.2-SNAPSHOT/share/hadoop/hdfs/lib/jsp-api-2.1.jar:/home/hadoop/yarnpp/hadoop-2.4.2-SNAPSHOT/share/hadoop/hdfs/lib/commons-lang-2.6.jar:/home/hadoop/yarnpp/hadoop-2.4.2-SNAPSHOT/share/hadoop/hdfs/lib/jetty-util-6.1.26.jar:/home/hadoop/yarnpp/hadoop-2.4.2-SNAPSHOT/share/hadoop/hdfs/lib/servlet-api-2.5.jar:/home/hadoop/yarnpp/hadoop-2.4.2-SNAPSHOT/share/hadoop/hdfs/lib/commons-daemon-1.0.13.jar:/home/hadoop/yarnpp/hadoop-2.4.2-SNAPSHOT/share/hadoop/hdfs/lib/commons-cli-1.2.jar:/home/hadoop/yarnpp/hadoop-2.4.2-SNAPSHOT/share/hadoop/hdfs/lib/commons-codec-1.4.jar:/home/hadoop/yarnpp/hadoop-2.4.2-SNAPSHOT/share/hadoop/hdfs/lib/jersey-server-1.9.jar:/home/hadoop/yarnpp/hadoop-2.4.2-SNAPSHOT/share/hadoop/hdfs/lib/jersey-core-1.9.jar:/home/hadoop/yarnpp/hadoop-2.4.2-SNAPSHOT/share/hadoop/hdfs/lib/netty-3.6.2.Final.jar:/home/hadoop/yarnpp/hadoop-2.4.2-SNAPSHOT/share/hadoop/hdfs/lib/guava-11.0.2.jar:/home/hadoop/yarnpp/hadoop-2.4.2-SNAPSHOT/share/hadoop/hdfs/lib/protobuf-java-2.5.0.jar:/home/hadoop/yarnpp/hadoop-2.4.2-SNAPSHOT/share/hadoop/hdfs/lib/commons-el-1.0.jar:/home/hadoop/yarnpp/hadoop-2.4.2-SNAPSHOT/share/hadoop/hdfs/lib/xmlenc-0.52.jar:/home/hadoop/yarnpp/hadoop-2.4.2-SNAPSHOT/share/hadoop/hdfs/lib/commons-io-2.4.jar:/home/hadoop/yarnpp/hadoop-2.4.2-SNAPSHOT/share/hadoop/hdfs/lib/jackson-mapper-asl-1.8.8.jar:/home/hadoop/yarnpp/hadoop-2.4.2-SNAPSHOT/share/hadoop/hdfs/lib/jasper-runtime-5.5.23.jar:/home/hadoop/yarnpp/hadoop-2.4.2-SNAPSHOT/share/hadoop/hdfs/lib/jsr305-1.3.9.jar:/home/hadoop/yarnpp/hadoop-2.4.2-SNAPSHOT/share/hadoop/hdfs/lib/commons-logging-1.1.3.jar:/home/hadoop/yarnpp/hadoop-2.4.2-SNAPSHOT/share/hadoop/hdfs/hadoop-hdfs-2.4.2-SNAPSHOT-tests.jar:/home/hadoop/yarnpp/hadoop-2.4.2-SNAPSHOT/share/hadoop/hdfs/hadoop-hdfs-2.4.2-SNAPSHOT.jar:/home/hadoop/yarnpp/hadoop-2.4.2-SNAPSHOT/share/hadoop/hdfs/hadoop-hdfs-nfs-2.4.2-SNAPSHOT.jar:/home/hadoop/yarnpp/hadoop-2.4.2-SNAPSHOT/share/hadoop/yarn/lib/zookeeper-3.4.5.jar:/home/hadoop/yarnpp/hadoop-2.4.2-SNAPSHOT/share/hadoop/yarn/lib/jackson-core-asl-1.8.8.jar:/home/hadoop/yarnpp/hadoop-2.4.2-SNAPSHOT/share/hadoop/yarn/lib/jersey-guice-1.9.jar:/home/hadoop/yarnpp/hadoop-2.4.2-SNAPSHOT/share/hadoop/yarn/lib/guice-3.0.jar:/home/hadoop/yarnpp/hadoop-2.4.2-SNAPSHOT/share/hadoop/yarn/lib/jetty-6.1.26.jar:/home/hadoop/yarnpp/hadoop-2.4.2-SNAPSHOT/share/hadoop/yarn/lib/commons-compress-1.4.1.jar:/home/hadoop/yarnpp/hadoop-2.4.2-SNAPSHOT/share/hadoop/yarn/lib/jaxb-impl-2.2.3-1.jar:/home/hadoop/yarnpp/hadoop-2.4.2-SNAPSHOT/share/hadoop/yarn/lib/log4j-1.2.17.jar:/home/hadoop/yarnpp/hadoop-2.4.2-SNAPSHOT/share/hadoop/yarn/lib/guice-servlet-3.0.jar:/home/hadoop/yarnpp/hadoop-2.4.2-SNAPSHOT/share/hadoop/yarn/lib/asm-3.2.jar:/home/hadoop/yarnpp/hadoop-2.4.2-SNAPSHOT/share/hadoop/yarn/lib/jackson-jaxrs-1.8.8.jar:/home/hadoop/yarnpp/hadoop-2.4.2-SNAPSHOT/share/hadoop/yarn/lib/commons-lang-2.6.jar:/home/hadoop/yarnpp/hadoop-2.4.2-SNAPSHOT/share/hadoop/yarn/lib/jetty-util-6.1.26.jar:/home/hadoop/yarnpp/hadoop-2.4.2-SNAPSHOT/share/hadoop/yarn/lib/servlet-api-2.5.jar:/home/hadoop/yarnpp/hadoop-2.4.2-SNAPSHOT/share/hadoop/yarn/lib/activation-1.1.jar:/home/hadoop/yarnpp/hadoop-2.4.2-SNAPSHOT/share/hadoop/yarn/lib/commons-collections-3.2.1.jar:/home/hadoop/yarnpp/hadoop-2.4.2-SNAPSHOT/share/hadoop/yarn/lib/xz-1.0.jar:/home/hadoop/yarnpp/hadoop-2.4.2-SNAPSHOT/share/hadoop/yarn/lib/jersey-client-1.9.jar:/home/hadoop/yarnpp/hadoop-2.4.2-SNAPSHOT/share/hadoop/yarn/lib/commons-cli-1.2.jar:/home/hadoop/yarnpp/hadoop-2.4.2-SNAPSHOT/share/hadoop/yarn/lib/jaxb-api-2.2.2.jar:/home/hadoop/yarnpp/hadoop-2.4.2-SNAPSHOT/share/hadoop/yarn/lib/commons-codec-1.4.jar:/home/hadoop/yarnpp/hadoop-2.4.2-SNAPSHOT/share/hadoop/yarn/lib/jersey-server-1.9.jar:/home/hadoop/yarnpp/hadoop-2.4.2-SNAPSHOT/share/hadoop/yarn/lib/jersey-core-1.9.jar:/home/hadoop/yarnpp/hadoop-2.4.2-SNAPSHOT/share/hadoop/yarn/lib/leveldbjni-all-1.8.jar:/home/hadoop/yarnpp/hadoop-2.4.2-SNAPSHOT/share/hadoop/yarn/lib/guava-11.0.2.jar:/home/hadoop/yarnpp/hadoop-2.4.2-SNAPSHOT/share/hadoop/yarn/lib/commons-httpclient-3.1.jar:/home/hadoop/yarnpp/hadoop-2.4.2-SNAPSHOT/share/hadoop/yarn/lib/protobuf-java-2.5.0.jar:/home/hadoop/yarnpp/hadoop-2.4.2-SNAPSHOT/share/hadoop/yarn/lib/jackson-xc-1.8.8.jar:/home/hadoop/yarnpp/hadoop-2.4.2-SNAPSHOT/share/hadoop/yarn/lib/jettison-1.1.jar:/home/hadoop/yarnpp/hadoop-2.4.2-SNAPSHOT/share/hadoop/yarn/lib/commons-io-2.4.jar:/home/hadoop/yarnpp/hadoop-2.4.2-SNAPSHOT/share/hadoop/yarn/lib/jackson-mapper-asl-1.8.8.jar:/home/hadoop/yarnpp/hadoop-2.4.2-SNAPSHOT/share/hadoop/yarn/lib/jersey-json-1.9.jar:/home/hadoop/yarnpp/hadoop-2.4.2-SNAPSHOT/share/hadoop/yarn/lib/stax-api-1.0-2.jar:/home/hadoop/yarnpp/hadoop-2.4.2-SNAPSHOT/share/hadoop/yarn/lib/jsr305-1.3.9.jar:/home/hadoop/yarnpp/hadoop-2.4.2-SNAPSHOT/share/hadoop/yarn/lib/javax.inject-1.jar:/home/hadoop/yarnpp/hadoop-2.4.2-SNAPSHOT/share/hadoop/yarn/lib/jline-0.9.94.jar:/home/hadoop/yarnpp/hadoop-2.4.2-SNAPSHOT/share/hadoop/yarn/lib/aopalliance-1.0.jar:/home/hadoop/yarnpp/hadoop-2.4.2-SNAPSHOT/share/hadoop/yarn/lib/commons-logging-1.1.3.jar:/home/hadoop/yarnpp/hadoop-2.4.2-SNAPSHOT/share/hadoop/yarn/hadoop-yarn-client-2.4.2-SNAPSHOT.jar:/home/hadoop/yarnpp/hadoop-2.4.2-SNAPSHOT/share/hadoop/yarn/hadoop-yarn-api-2.4.2-SNAPSHOT.jar:/home/hadoop/yarnpp/hadoop-2.4.2-SNAPSHOT/share/hadoop/yarn/hadoop-yarn-server-tests-2.4.2-SNAPSHOT.jar:/home/hadoop/yarnpp/hadoop-2.4.2-SNAPSHOT/share/hadoop/yarn/hadoop-yarn-server-web-proxy-2.4.2-SNAPSHOT.jar:/home/hadoop/yarnpp/hadoop-2.4.2-SNAPSHOT/share/hadoop/yarn/hadoop-yarn-server-resourcemanager-2.4.2-SNAPSHOT.jar:/home/hadoop/yarnpp/hadoop-2.4.2-SNAPSHOT/share/hadoop/yarn/hadoop-yarn-server-applicationhistoryservice-2.4.2-SNAPSHOT.jar:/home/hadoop/yarnpp/hadoop-2.4.2-SNAPSHOT/share/hadoop/yarn/hadoop-yarn-server-common-2.4.2-SNAPSHOT.jar:/home/hadoop/yarnpp/hadoop-2.4.2-SNAPSHOT/share/hadoop/yarn/hadoop-yarn-applications-distributedshell-2.4.2-SNAPSHOT.jar:/home/hadoop/yarnpp/hadoop-2.4.2-SNAPSHOT/share/hadoop/yarn/hadoop-yarn-applications-unmanaged-am-launcher-2.4.2-SNAPSHOT.jar:/home/hadoop/yarnpp/hadoop-2.4.2-SNAPSHOT/share/hadoop/yarn/hadoop-yarn-server-nodemanager-2.4.2-SNAPSHOT.jar:/home/hadoop/yarnpp/hadoop-2.4.2-SNAPSHOT/share/hadoop/yarn/hadoop-yarn-common-2.4.2-SNAPSHOT.jar:/home/hadoop/yarnpp/hadoop-2.4.2-SNAPSHOT/share/hadoop/mapreduce/lib/junit-4.10.jar:/home/hadoop/yarnpp/hadoop-2.4.2-SNAPSHOT/share/hadoop/mapreduce/lib/jackson-core-asl-1.8.8.jar:/home/hadoop/yarnpp/hadoop-2.4.2-SNAPSHOT/share/hadoop/mapreduce/lib/jersey-guice-1.9.jar:/home/hadoop/yarnpp/hadoop-2.4.2-SNAPSHOT/share/hadoop/mapreduce/lib/guice-3.0.jar:/home/hadoop/yarnpp/hadoop-2.4.2-SNAPSHOT/share/hadoop/mapreduce/lib/commons-compress-1.4.1.jar:/home/hadoop/yarnpp/hadoop-2.4.2-SNAPSHOT/share/hadoop/mapreduce/lib/log4j-1.2.17.jar:/home/hadoop/yarnpp/hadoop-2.4.2-SNAPSHOT/share/hadoop/mapreduce/lib/guice-servlet-3.0.jar:/home/hadoop/yarnpp/hadoop-2.4.2-SNAPSHOT/share/hadoop/mapreduce/lib/avro-1.7.4.jar:/home/hadoop/yarnpp/hadoop-2.4.2-SNAPSHOT/share/hadoop/mapreduce/lib/asm-3.2.jar:/home/hadoop/yarnpp/hadoop-2.4.2-SNAPSHOT/share/hadoop/mapreduce/lib/xz-1.0.jar:/home/hadoop/yarnpp/hadoop-2.4.2-SNAPSHOT/share/hadoop/mapreduce/lib/snappy-java-1.0.4.1.jar:/home/hadoop/yarnpp/hadoop-2.4.2-SNAPSHOT/share/hadoop/mapreduce/lib/jersey-server-1.9.jar:/home/hadoop/yarnpp/hadoop-2.4.2-SNAPSHOT/share/hadoop/mapreduce/lib/jersey-core-1.9.jar:/home/hadoop/yarnpp/hadoop-2.4.2-SNAPSHOT/share/hadoop/mapreduce/lib/netty-3.6.2.Final.jar:/home/hadoop/yarnpp/hadoop-2.4.2-SNAPSHOT/share/hadoop/mapreduce/lib/protobuf-java-2.5.0.jar:/home/hadoop/yarnpp/hadoop-2.4.2-SNAPSHOT/share/hadoop/mapreduce/lib/hamcrest-core-1.1.jar:/home/hadoop/yarnpp/hadoop-2.4.2-SNAPSHOT/share/hadoop/mapreduce/lib/hadoop-annotations-2.4.2-SNAPSHOT.jar:/home/hadoop/yarnpp/hadoop-2.4.2-SNAPSHOT/share/hadoop/mapreduce/lib/commons-io-2.4.jar:/home/hadoop/yarnpp/hadoop-2.4.2-SNAPSHOT/share/hadoop/mapreduce/lib/jackson-mapper-asl-1.8.8.jar:/home/hadoop/yarnpp/hadoop-2.4.2-SNAPSHOT/share/hadoop/mapreduce/lib/paranamer-2.3.jar:/home/hadoop/yarnpp/hadoop-2.4.2-SNAPSHOT/share/hadoop/mapreduce/lib/javax.inject-1.jar:/home/hadoop/yarnpp/hadoop-2.4.2-SNAPSHOT/share/hadoop/mapreduce/lib/aopalliance-1.0.jar:/home/hadoop/yarnpp/hadoop-2.4.2-SNAPSHOT/share/hadoop/mapreduce/hadoop-mapreduce-client-hs-plugins-2.4.2-SNAPSHOT.jar:/home/hadoop/yarnpp/hadoop-2.4.2-SNAPSHOT/share/hadoop/mapreduce/hadoop-mapreduce-client-jobclient-2.4.2-SNAPSHOT-tests.jar:/home/hadoop/yarnpp/hadoop-2.4.2-SNAPSHOT/share/hadoop/mapreduce/hadoop-mapreduce-client-jobclient-2.4.2-SNAPSHOT.jar:/home/hadoop/yarnpp/hadoop-2.4.2-SNAPSHOT/share/hadoop/mapreduce/hadoop-mapreduce-client-shuffle-2.4.2-SNAPSHOT.jar:/home/hadoop/yarnpp/hadoop-2.4.2-SNAPSHOT/share/hadoop/mapreduce/hadoop-mapreduce-client-core-2.4.2-SNAPSHOT.jar:/home/hadoop/yarnpp/hadoop-2.4.2-SNAPSHOT/share/hadoop/mapreduce/hadoop-mapreduce-client-common-2.4.2-SNAPSHOT.jar:/home/hadoop/yarnpp/hadoop-2.4.2-SNAPSHOT/share/hadoop/mapreduce/hadoop-mapreduce-client-hs-2.4.2-SNAPSHOT.jar:/home/hadoop/yarnpp/hadoop-2.4.2-SNAPSHOT/share/hadoop/mapreduce/hadoop-mapreduce-examples-2.4.2-SNAPSHOT.jar:/home/hadoop/yarnpp/hadoop-2.4.2-SNAPSHOT/share/hadoop/mapreduce/hadoop-mapreduce-client-app-2.4.2-SNAPSHOT.jar:/contrib/capacity-scheduler/*.jar:/contrib/capacity-scheduler/*.jar:/contrib/capacity-scheduler/*.jar:/home/hadoop/yarnpp/hadoop-2.4.2-SNAPSHOT/share/hadoop/yarn/hadoop-yarn-client-2.4.2-SNAPSHOT.jar:/home/hadoop/yarnpp/hadoop-2.4.2-SNAPSHOT/share/hadoop/yarn/hadoop-yarn-api-2.4.2-SNAPSHOT.jar:/home/hadoop/yarnpp/hadoop-2.4.2-SNAPSHOT/share/hadoop/yarn/hadoop-yarn-server-tests-2.4.2-SNAPSHOT.jar:/home/hadoop/yarnpp/hadoop-2.4.2-SNAPSHOT/share/hadoop/yarn/hadoop-yarn-server-web-proxy-2.4.2-SNAPSHOT.jar:/home/hadoop/yarnpp/hadoop-2.4.2-SNAPSHOT/share/hadoop/yarn/hadoop-yarn-server-resourcemanager-2.4.2-SNAPSHOT.jar:/home/hadoop/yarnpp/hadoop-2.4.2-SNAPSHOT/share/hadoop/yarn/hadoop-yarn-server-applicationhistoryservice-2.4.2-SNAPSHOT.jar:/home/hadoop/yarnpp/hadoop-2.4.2-SNAPSHOT/share/hadoop/yarn/hadoop-yarn-server-common-2.4.2-SNAPSHOT.jar:/home/hadoop/yarnpp/hadoop-2.4.2-SNAPSHOT/share/hadoop/yarn/hadoop-yarn-applications-distributedshell-2.4.2-SNAPSHOT.jar:/home/hadoop/yarnpp/hadoop-2.4.2-SNAPSHOT/share/hadoop/yarn/hadoop-yarn-applications-unmanaged-am-launcher-2.4.2-SNAPSHOT.jar:/home/hadoop/yarnpp/hadoop-2.4.2-SNAPSHOT/share/hadoop/yarn/hadoop-yarn-server-nodemanager-2.4.2-SNAPSHOT.jar:/home/hadoop/yarnpp/hadoop-2.4.2-SNAPSHOT/share/hadoop/yarn/hadoop-yarn-common-2.4.2-SNAPSHOT.jar:/home/hadoop/yarnpp/hadoop-2.4.2-SNAPSHOT/share/hadoop/yarn/lib/zookeeper-3.4.5.jar:/home/hadoop/yarnpp/hadoop-2.4.2-SNAPSHOT/share/hadoop/yarn/lib/jackson-core-asl-1.8.8.jar:/home/hadoop/yarnpp/hadoop-2.4.2-SNAPSHOT/share/hadoop/yarn/lib/jersey-guice-1.9.jar:/home/hadoop/yarnpp/hadoop-2.4.2-SNAPSHOT/share/hadoop/yarn/lib/guice-3.0.jar:/home/hadoop/yarnpp/hadoop-2.4.2-SNAPSHOT/share/hadoop/yarn/lib/jetty-6.1.26.jar:/home/hadoop/yarnpp/hadoop-2.4.2-SNAPSHOT/share/hadoop/yarn/lib/commons-compress-1.4.1.jar:/home/hadoop/yarnpp/hadoop-2.4.2-SNAPSHOT/share/hadoop/yarn/lib/jaxb-impl-2.2.3-1.jar:/home/hadoop/yarnpp/hadoop-2.4.2-SNAPSHOT/share/hadoop/yarn/lib/log4j-1.2.17.jar:/home/hadoop/yarnpp/hadoop-2.4.2-SNAPSHOT/share/hadoop/yarn/lib/guice-servlet-3.0.jar:/home/hadoop/yarnpp/hadoop-2.4.2-SNAPSHOT/share/hadoop/yarn/lib/asm-3.2.jar:/home/hadoop/yarnpp/hadoop-2.4.2-SNAPSHOT/share/hadoop/yarn/lib/jackson-jaxrs-1.8.8.jar:/home/hadoop/yarnpp/hadoop-2.4.2-SNAPSHOT/share/hadoop/yarn/lib/commons-lang-2.6.jar:/home/hadoop/yarnpp/hadoop-2.4.2-SNAPSHOT/share/hadoop/yarn/lib/jetty-util-6.1.26.jar:/home/hadoop/yarnpp/hadoop-2.4.2-SNAPSHOT/share/hadoop/yarn/lib/servlet-api-2.5.jar:/home/hadoop/yarnpp/hadoop-2.4.2-SNAPSHOT/share/hadoop/yarn/lib/activation-1.1.jar:/home/hadoop/yarnpp/hadoop-2.4.2-SNAPSHOT/share/hadoop/yarn/lib/commons-collections-3.2.1.jar:/home/hadoop/yarnpp/hadoop-2.4.2-SNAPSHOT/share/hadoop/yarn/lib/xz-1.0.jar:/home/hadoop/yarnpp/hadoop-2.4.2-SNAPSHOT/share/hadoop/yarn/lib/jersey-client-1.9.jar:/home/hadoop/yarnpp/hadoop-2.4.2-SNAPSHOT/share/hadoop/yarn/lib/commons-cli-1.2.jar:/home/hadoop/yarnpp/hadoop-2.4.2-SNAPSHOT/share/hadoop/yarn/lib/jaxb-api-2.2.2.jar:/home/hadoop/yarnpp/hadoop-2.4.2-SNAPSHOT/share/hadoop/yarn/lib/commons-codec-1.4.jar:/home/hadoop/yarnpp/hadoop-2.4.2-SNAPSHOT/share/hadoop/yarn/lib/jersey-server-1.9.jar:/home/hadoop/yarnpp/hadoop-2.4.2-SNAPSHOT/share/hadoop/yarn/lib/jersey-core-1.9.jar:/home/hadoop/yarnpp/hadoop-2.4.2-SNAPSHOT/share/hadoop/yarn/lib/leveldbjni-all-1.8.jar:/home/hadoop/yarnpp/hadoop-2.4.2-SNAPSHOT/share/hadoop/yarn/lib/guava-11.0.2.jar:/home/hadoop/yarnpp/hadoop-2.4.2-SNAPSHOT/share/hadoop/yarn/lib/commons-httpclient-3.1.jar:/home/hadoop/yarnpp/hadoop-2.4.2-SNAPSHOT/share/hadoop/yarn/lib/protobuf-java-2.5.0.jar:/home/hadoop/yarnpp/hadoop-2.4.2-SNAPSHOT/share/hadoop/yarn/lib/jackson-xc-1.8.8.jar:/home/hadoop/yarnpp/hadoop-2.4.2-SNAPSHOT/share/hadoop/yarn/lib/jettison-1.1.jar:/home/hadoop/yarnpp/hadoop-2.4.2-SNAPSHOT/share/hadoop/yarn/lib/commons-io-2.4.jar:/home/hadoop/yarnpp/hadoop-2.4.2-SNAPSHOT/share/hadoop/yarn/lib/jackson-mapper-asl-1.8.8.jar:/home/hadoop/yarnpp/hadoop-2.4.2-SNAPSHOT/share/hadoop/yarn/lib/jersey-json-1.9.jar:/home/hadoop/yarnpp/hadoop-2.4.2-SNAPSHOT/share/hadoop/yarn/lib/stax-api-1.0-2.jar:/home/hadoop/yarnpp/hadoop-2.4.2-SNAPSHOT/share/hadoop/yarn/lib/jsr305-1.3.9.jar:/home/hadoop/yarnpp/hadoop-2.4.2-SNAPSHOT/share/hadoop/yarn/lib/javax.inject-1.jar:/home/hadoop/yarnpp/hadoop-2.4.2-SNAPSHOT/share/hadoop/yarn/lib/jline-0.9.94.jar:/home/hadoop/yarnpp/hadoop-2.4.2-SNAPSHOT/share/hadoop/yarn/lib/aopalliance-1.0.jar:/home/hadoop/yarnpp/hadoop-2.4.2-SNAPSHOT/share/hadoop/yarn/lib/commons-logging-1.1.3.jar:/home/hadoop/yarnpp/hadoop-2.4.2-SNAPSHOT/etc/hadoop/rm-config/log4j.properties
STARTUP_MSG:   build = https://github.com/anmolnehru/838-mercury-final-project.git -r fb7173400094bb0f1c0b5ad847102eb8ae5ecd61; compiled by 'ubuntu' on 2015-11-27T21:58Z
STARTUP_MSG:   java = 1.7.0_85
************************************************************/
2015-11-28 02:27:24,498 INFO org.apache.hadoop.yarn.server.resourcemanager.ResourceManager: registered UNIX signal handlers for [TERM, HUP, INT]
2015-11-28 02:27:24,776 INFO org.apache.hadoop.conf.Configuration: found resource core-site.xml at file:/home/hadoop/yarnpp/hadoop-2.4.2-SNAPSHOT/etc/hadoop/core-site.xml
2015-11-28 02:27:24,919 WARN org.apache.hadoop.util.NativeCodeLoader: Unable to load native-hadoop library for your platform... using builtin-java classes where applicable
2015-11-28 02:27:24,920 INFO org.apache.hadoop.security.Groups: clearing userToGroupsMap cache
2015-11-28 02:27:24,927 INFO org.apache.hadoop.conf.Configuration: found resource yarn-site.xml at file:/home/hadoop/yarnpp/hadoop-2.4.2-SNAPSHOT/etc/hadoop/yarn-site.xml
2015-11-28 02:27:25,015 INFO org.apache.hadoop.yarn.event.AsyncDispatcher: Registering class org.apache.hadoop.yarn.server.resourcemanager.RMFatalEventType for class org.apache.hadoop.yarn.server.resourcemanager.ResourceManager$RMFatalEventDispatcher
2015-11-28 02:27:25,128 INFO org.apache.hadoop.yarn.server.resourcemanager.security.NMTokenSecretManagerInRM: NMTokenKeyRollingInterval: 86400000ms and NMTokenKeyActivationDelay: 900000ms
2015-11-28 02:27:25,133 INFO org.apache.hadoop.yarn.server.resourcemanager.security.RMContainerTokenSecretManager: ContainerTokenKeyRollingInterval: 86400000ms and ContainerTokenKeyActivationDelay: 900000ms
2015-11-28 02:27:25,138 INFO org.apache.hadoop.yarn.server.resourcemanager.security.AMRMTokenSecretManager: Rolling master-key for amrm-tokens
2015-11-28 02:27:25,155 INFO org.apache.hadoop.yarn.event.AsyncDispatcher: Registering class org.apache.hadoop.yarn.server.resourcemanager.recovery.RMStateStoreEventType for class org.apache.hadoop.yarn.server.resourcemanager.recovery.RMStateStore$ForwardingEventHandler
2015-11-28 02:27:25,405 INFO org.apache.hadoop.yarn.event.AsyncDispatcher: Registering class org.apache.hadoop.yarn.server.resourcemanager.NodesListManagerEventType for class org.apache.hadoop.yarn.server.resourcemanager.NodesListManager
2015-11-28 02:27:25,405 INFO org.apache.hadoop.yarn.server.resourcemanager.ResourceManager: Using Scheduler: org.apache.hadoop.yarn.server.resourcemanager.scheduler.capacity.CapacityScheduler
2015-11-28 02:27:25,446 INFO org.apache.hadoop.yarn.event.AsyncDispatcher: Registering class org.apache.hadoop.yarn.server.resourcemanager.scheduler.event.SchedulerEventType for class org.apache.hadoop.yarn.server.resourcemanager.ResourceManager$SchedulerEventDispatcher
2015-11-28 02:27:25,447 INFO org.apache.hadoop.yarn.event.AsyncDispatcher: Registering class org.apache.hadoop.yarn.server.resourcemanager.rmapp.RMAppEventType for class org.apache.hadoop.yarn.server.resourcemanager.ResourceManager$ApplicationEventDispatcher
2015-11-28 02:27:25,449 INFO org.apache.hadoop.yarn.event.AsyncDispatcher: Registering class org.apache.hadoop.yarn.server.resourcemanager.rmapp.attempt.RMAppAttemptEventType for class org.apache.hadoop.yarn.server.resourcemanager.ResourceManager$ApplicationAttemptEventDispatcher
2015-11-28 02:27:25,450 INFO org.apache.hadoop.yarn.event.AsyncDispatcher: Registering class org.apache.hadoop.yarn.server.resourcemanager.rmnode.RMNodeEventType for class org.apache.hadoop.yarn.server.resourcemanager.ResourceManager$NodeEventDispatcher
2015-11-28 02:27:25,546 INFO org.apache.hadoop.metrics2.impl.MetricsConfig: loaded properties from hadoop-metrics2.properties
2015-11-28 02:27:25,650 INFO org.apache.hadoop.metrics2.impl.MetricsSystemImpl: Scheduled snapshot period at 10 second(s).
2015-11-28 02:27:25,650 INFO org.apache.hadoop.metrics2.impl.MetricsSystemImpl: ResourceManager metrics system started
2015-11-28 02:27:25,658 INFO org.apache.hadoop.conf.Configuration: found resource capacity-scheduler.xml at file:/home/hadoop/yarnpp/hadoop-2.4.2-SNAPSHOT/etc/hadoop/capacity-scheduler.xml
2015-11-28 02:27:25,738 INFO org.apache.hadoop.yarn.server.resourcemanager.scheduler.capacity.ParentQueue: root, capacity=1.0, asboluteCapacity=1.0, maxCapacity=1.0, asboluteMaxCapacity=1.0, state=RUNNING, acls=ADMINISTER_QUEUE:*SUBMIT_APPLICATIONS:*
2015-11-28 02:27:25,738 INFO org.apache.hadoop.yarn.server.resourcemanager.scheduler.capacity.ParentQueue: Initialized parent-queue root name=root, fullname=root
2015-11-28 02:27:25,749 INFO org.apache.hadoop.yarn.server.resourcemanager.scheduler.capacity.LeafQueue: Initializing default
capacity = 1.0 [= (float) configuredCapacity / 100 ]
asboluteCapacity = 1.0 [= parentAbsoluteCapacity * capacity ]
maxCapacity = 1.0 [= configuredMaxCapacity ]
absoluteMaxCapacity = 1.0 [= 1.0 maximumCapacity undefined, (parentAbsoluteMaxCapacity * maximumCapacity) / 100 otherwise ]
userLimit = 100 [= configuredUserLimit ]
userLimitFactor = 1.0 [= configuredUserLimitFactor ]
maxApplications = 10000 [= configuredMaximumSystemApplicationsPerQueue or (int)(configuredMaximumSystemApplications * absoluteCapacity)]
maxApplicationsPerUser = 10000 [= (int)(maxApplications * (userLimit / 100.0f) * userLimitFactor) ]
maxActiveApplications = 1 [= max((int)ceil((clusterResourceMemory / minimumAllocation) * maxAMResourcePerQueuePercent * absoluteMaxCapacity),1) ]
maxActiveAppsUsingAbsCap = 1 [= max((int)ceil((clusterResourceMemory / minimumAllocation) *maxAMResourcePercent * absoluteCapacity),1) ]
maxActiveApplicationsPerUser = 1 [= max((int)(maxActiveApplications * (userLimit / 100.0f) * userLimitFactor),1) ]
usedCapacity = 0.0 [= usedResourcesMemory / (clusterResourceMemory * absoluteCapacity)]
absoluteUsedCapacity = 0.0 [= usedResourcesMemory / clusterResourceMemory]
maxAMResourcePerQueuePercent = 0.1 [= configuredMaximumAMResourcePercent ]
minimumAllocationFactor = 0.875 [= (float)(maximumAllocationMemory - minimumAllocationMemory) / maximumAllocationMemory ]
numContainers = 0 [= currentNumContainers ]
state = RUNNING [= configuredState ]
acls = ADMINISTER_QUEUE:*SUBMIT_APPLICATIONS:* [= configuredAcls ]
nodeLocalityDelay = 40

2015-11-28 02:27:25,750 INFO org.apache.hadoop.yarn.server.resourcemanager.scheduler.capacity.CapacityScheduler: Initialized queue: default: capacity=1.0, absoluteCapacity=1.0, usedResources=<memory:0, vCores:0>, usedCapacity=0.0, absoluteUsedCapacity=0.0, numApps=0, numContainers=0
2015-11-28 02:27:25,750 INFO org.apache.hadoop.yarn.server.resourcemanager.scheduler.capacity.CapacityScheduler: Initialized queue: root: numChildQueue= 1, capacity=1.0, absoluteCapacity=1.0, usedResources=<memory:0, vCores:0>usedCapacity=0.0, numApps=0, numContainers=0
2015-11-28 02:27:25,750 INFO org.apache.hadoop.yarn.server.resourcemanager.scheduler.capacity.CapacityScheduler: Initialized root queue root: numChildQueue= 1, capacity=1.0, absoluteCapacity=1.0, usedResources=<memory:0, vCores:0>usedCapacity=0.0, numApps=0, numContainers=0
2015-11-28 02:27:25,750 INFO org.apache.hadoop.yarn.server.resourcemanager.scheduler.capacity.CapacityScheduler: Initialized CapacityScheduler with calculator=class org.apache.hadoop.yarn.util.resource.DefaultResourceCalculator, minimumAllocation=<<memory:1024, vCores:1>>, maximumAllocation=<<memory:8192, vCores:32>>, asynchronousScheduling=false, asyncScheduleInterval=5ms
2015-11-28 02:27:25,750 INFO org.apache.hadoop.yarn.server.resourcemanager.scheduler.capacity.CapacityScheduler: Slow node checking: false
2015-11-28 02:27:25,796 INFO org.apache.hadoop.yarn.event.AsyncDispatcher: Registering class org.apache.hadoop.yarn.server.resourcemanager.RMAppManagerEventType for class org.apache.hadoop.yarn.server.resourcemanager.RMAppManager
2015-11-28 02:27:25,801 INFO org.apache.hadoop.yarn.event.AsyncDispatcher: Registering class org.apache.hadoop.yarn.server.resourcemanager.amlauncher.AMLauncherEventType for class org.apache.hadoop.yarn.server.resourcemanager.amlauncher.ApplicationMasterLauncher
2015-11-28 02:27:25,805 INFO org.apache.hadoop.yarn.server.resourcemanager.RMNMInfo: Registered RMNMInfo MBean
2015-11-28 02:27:25,808 INFO org.apache.hadoop.yarn.event.AsyncDispatcher: Registering class org.apache.hadoop.yarn.server.resourcemanager.ahs.WritingHistoryEventType for class org.apache.hadoop.yarn.server.resourcemanager.ahs.RMApplicationHistoryWriter$ForwardingEventHandler
2015-11-28 02:27:25,808 INFO org.apache.hadoop.yarn.event.AsyncDispatcher: Registering class org.apache.hadoop.yarn.server.resourcemanager.ahs.WritingHistoryEventType for class org.apache.hadoop.yarn.server.resourcemanager.ahs.RMApplicationHistoryWriter$ForwardingEventHandler
2015-11-28 02:27:25,808 INFO org.apache.hadoop.yarn.event.AsyncDispatcher: Registering class org.apache.hadoop.yarn.server.resourcemanager.ahs.WritingHistoryEventType for class org.apache.hadoop.yarn.server.resourcemanager.ahs.RMApplicationHistoryWriter$ForwardingEventHandler
2015-11-28 02:27:25,808 INFO org.apache.hadoop.yarn.event.AsyncDispatcher: Registering class org.apache.hadoop.yarn.server.resourcemanager.ahs.WritingHistoryEventType for class org.apache.hadoop.yarn.server.resourcemanager.ahs.RMApplicationHistoryWriter$ForwardingEventHandler
2015-11-28 02:27:25,808 INFO org.apache.hadoop.yarn.event.AsyncDispatcher: Registering class org.apache.hadoop.yarn.server.resourcemanager.ahs.WritingHistoryEventType for class org.apache.hadoop.yarn.server.resourcemanager.ahs.RMApplicationHistoryWriter$ForwardingEventHandler
2015-11-28 02:27:25,808 INFO org.apache.hadoop.yarn.event.AsyncDispatcher: Registering class org.apache.hadoop.yarn.server.resourcemanager.ahs.WritingHistoryEventType for class org.apache.hadoop.yarn.server.resourcemanager.ahs.RMApplicationHistoryWriter$ForwardingEventHandler
2015-11-28 02:27:25,809 INFO org.apache.hadoop.yarn.event.AsyncDispatcher: Registering class org.apache.hadoop.yarn.server.resourcemanager.ahs.WritingHistoryEventType for class org.apache.hadoop.yarn.server.resourcemanager.ahs.RMApplicationHistoryWriter$ForwardingEventHandler
2015-11-28 02:27:25,809 INFO org.apache.hadoop.yarn.event.AsyncDispatcher: Registering class org.apache.hadoop.yarn.server.resourcemanager.ahs.WritingHistoryEventType for class org.apache.hadoop.yarn.server.resourcemanager.ahs.RMApplicationHistoryWriter$ForwardingEventHandler
2015-11-28 02:27:25,809 INFO org.apache.hadoop.yarn.event.AsyncDispatcher: Registering class org.apache.hadoop.yarn.server.resourcemanager.ahs.WritingHistoryEventType for class org.apache.hadoop.yarn.server.resourcemanager.ahs.RMApplicationHistoryWriter$ForwardingEventHandler
2015-11-28 02:27:25,809 INFO org.apache.hadoop.yarn.event.AsyncDispatcher: Registering class org.apache.hadoop.yarn.server.resourcemanager.ahs.WritingHistoryEventType for class org.apache.hadoop.yarn.server.resourcemanager.ahs.RMApplicationHistoryWriter$ForwardingEventHandler
2015-11-28 02:27:25,810 INFO org.apache.hadoop.util.HostsFileReader: Refreshing hosts (include/exclude) list
2015-11-28 02:27:25,821 INFO org.apache.hadoop.yarn.server.resourcemanager.ResourceManager: Transitioning to active state
2015-11-28 02:27:25,828 INFO org.apache.hadoop.yarn.server.resourcemanager.security.AMRMTokenSecretManager: Rolling master-key for amrm-tokens
2015-11-28 02:27:25,828 INFO org.apache.hadoop.yarn.server.resourcemanager.security.RMContainerTokenSecretManager: Rolling master-key for container-tokens
2015-11-28 02:27:25,831 INFO org.apache.hadoop.yarn.server.resourcemanager.security.NMTokenSecretManagerInRM: Rolling master-key for nm-tokens
2015-11-28 02:27:25,832 INFO org.apache.hadoop.security.token.delegation.AbstractDelegationTokenSecretManager: Updating the current master key for generating delegation tokens
2015-11-28 02:27:25,832 INFO org.apache.hadoop.yarn.server.resourcemanager.security.RMDelegationTokenSecretManager: storing master key with keyID 1
2015-11-28 02:27:25,835 INFO org.apache.hadoop.security.token.delegation.AbstractDelegationTokenSecretManager: Starting expired delegation token remover thread, tokenRemoverScanInterval=60 min(s)
2015-11-28 02:27:25,836 INFO org.apache.hadoop.security.token.delegation.AbstractDelegationTokenSecretManager: Updating the current master key for generating delegation tokens
2015-11-28 02:27:25,836 INFO org.apache.hadoop.yarn.server.resourcemanager.security.RMDelegationTokenSecretManager: storing master key with keyID 2
2015-11-28 02:27:25,880 INFO org.apache.hadoop.ipc.CallQueueManager: Using callQueue class java.util.concurrent.LinkedBlockingQueue
2015-11-28 02:27:25,897 INFO org.apache.hadoop.ipc.Server: Starting Socket Reader #1 for port 8031
2015-11-28 02:27:25,925 INFO org.apache.hadoop.yarn.factories.impl.pb.RpcServerFactoryPBImpl: Adding protocol org.apache.hadoop.yarn.server.api.ResourceTrackerPB to the server
2015-11-28 02:27:25,927 INFO org.apache.hadoop.ipc.Server: IPC Server Responder: starting
2015-11-28 02:27:26,021 INFO org.apache.hadoop.ipc.Server: IPC Server listener on 8031: starting
2015-11-28 02:27:26,082 INFO org.apache.hadoop.ipc.CallQueueManager: Using callQueue class java.util.concurrent.LinkedBlockingQueue
2015-11-28 02:27:26,089 INFO org.apache.hadoop.ipc.Server: Starting Socket Reader #1 for port 8030
2015-11-28 02:27:26,140 INFO org.apache.hadoop.yarn.factories.impl.pb.RpcServerFactoryPBImpl: Adding protocol org.apache.hadoop.yarn.api.ApplicationMasterProtocolPB to the server
2015-11-28 02:27:26,141 INFO org.apache.hadoop.ipc.Server: IPC Server Responder: starting
2015-11-28 02:27:26,141 INFO org.apache.hadoop.ipc.Server: IPC Server listener on 8030: starting
2015-11-28 02:27:26,208 INFO org.apache.hadoop.ipc.CallQueueManager: Using callQueue class java.util.concurrent.LinkedBlockingQueue
2015-11-28 02:27:26,209 INFO org.apache.hadoop.ipc.Server: Starting Socket Reader #1 for port 8032
2015-11-28 02:27:26,214 INFO org.apache.hadoop.yarn.factories.impl.pb.RpcServerFactoryPBImpl: Adding protocol org.apache.hadoop.yarn.api.ApplicationClientProtocolPB to the server
2015-11-28 02:27:26,214 INFO org.apache.hadoop.ipc.Server: IPC Server Responder: starting
2015-11-28 02:27:26,214 INFO org.apache.hadoop.ipc.Server: IPC Server listener on 8032: starting
2015-11-28 02:27:26,227 INFO org.apache.hadoop.yarn.server.resourcemanager.ResourceManager: Transitioned to active state
2015-11-28 02:27:26,300 INFO org.mortbay.log: Logging to org.slf4j.impl.Log4jLoggerAdapter(org.mortbay.log) via org.mortbay.log.Slf4jLog
2015-11-28 02:27:26,305 INFO org.apache.hadoop.http.HttpRequestLog: Http request log for http.requests.resourcemanager is not defined
2015-11-28 02:27:26,317 INFO org.apache.hadoop.http.HttpServer2: Added global filter 'safety' (class=org.apache.hadoop.http.HttpServer2$QuotingInputFilter)
2015-11-28 02:27:26,319 INFO org.apache.hadoop.http.HttpServer2: Added filter static_user_filter (class=org.apache.hadoop.http.lib.StaticUserWebFilter$StaticUserFilter) to context cluster
2015-11-28 02:27:26,319 INFO org.apache.hadoop.http.HttpServer2: Added filter static_user_filter (class=org.apache.hadoop.http.lib.StaticUserWebFilter$StaticUserFilter) to context logs
2015-11-28 02:27:26,319 INFO org.apache.hadoop.http.HttpServer2: Added filter static_user_filter (class=org.apache.hadoop.http.lib.StaticUserWebFilter$StaticUserFilter) to context static
2015-11-28 02:27:26,323 INFO org.apache.hadoop.http.HttpServer2: adding path spec: /cluster/*
2015-11-28 02:27:26,324 INFO org.apache.hadoop.http.HttpServer2: adding path spec: /ws/*
2015-11-28 02:27:26,338 INFO org.apache.hadoop.http.HttpServer2: Jetty bound to port 8088
2015-11-28 02:27:26,338 INFO org.mortbay.log: jetty-6.1.26
2015-11-28 02:27:26,365 INFO org.mortbay.log: Extract jar:file:/home/hadoop/yarnpp/hadoop-2.4.2-SNAPSHOT/share/hadoop/yarn/hadoop-yarn-common-2.4.2-SNAPSHOT.jar!/webapps/cluster to /tmp/Jetty_0_0_0_0_8088_cluster____u0rgz3/webapp
2015-11-28 02:27:26,716 INFO org.mortbay.log: Started SelectChannelConnector@0.0.0.0:8088
2015-11-28 02:27:26,716 INFO org.apache.hadoop.yarn.webapp.WebApps: Web app /cluster started at 8088
2015-11-28 02:27:27,142 INFO org.apache.hadoop.yarn.webapp.WebApps: Registered webapp guice modules
2015-11-28 02:27:27,170 INFO org.apache.hadoop.ipc.CallQueueManager: Using callQueue class java.util.concurrent.LinkedBlockingQueue
2015-11-28 02:27:27,171 INFO org.apache.hadoop.ipc.Server: Starting Socket Reader #1 for port 8033
2015-11-28 02:27:27,174 INFO org.apache.hadoop.yarn.factories.impl.pb.RpcServerFactoryPBImpl: Adding protocol org.apache.hadoop.yarn.server.api.ResourceManagerAdministrationProtocolPB to the server
2015-11-28 02:27:27,174 INFO org.apache.hadoop.ipc.Server: IPC Server Responder: starting
2015-11-28 02:27:27,175 INFO org.apache.hadoop.ipc.Server: IPC Server listener on 8033: starting
2015-11-28 02:27:28,895 INFO org.apache.hadoop.yarn.util.RackResolver: Resolved anmol-vm1-new to /default-rack
2015-11-28 02:27:28,902 INFO org.apache.hadoop.yarn.server.resourcemanager.ResourceTrackerService: New NM anmol-vm1-new:50748with RMLocal false ResMonLogger false
2015-11-28 02:27:28,904 INFO org.apache.hadoop.yarn.server.resourcemanager.ResourceTrackerService: NodeManager from node anmol-vm1-new(cmPort: 50748 httpPort: 8042) registered with capability: <memory:8192, vCores:8>, assigned nodeId anmol-vm1-new:50748
2015-11-28 02:27:28,905 INFO org.apache.hadoop.yarn.server.resourcemanager.rmnode.RMNodeImpl: anmol-vm1-new:50748 Node Transitioned from NEW to RUNNING
2015-11-28 02:27:28,908 INFO org.apache.hadoop.yarn.server.resourcemanager.scheduler.capacity.CapacityScheduler: Added node anmol-vm1-new:50748 clusterResource: <memory:8192, vCores:8>
2015-11-28 02:27:28,976 FATAL org.apache.hadoop.yarn.event.AsyncDispatcher: Error in dispatcher thread
java.lang.Exception: No handler for registered for class org.apache.hadoop.yarn.server.resourcemanager.clustermonitor.ClusterMonitorEventType
	at org.apache.hadoop.yarn.event.AsyncDispatcher.dispatch(AsyncDispatcher.java:175)
	at org.apache.hadoop.yarn.event.AsyncDispatcher$1.run(AsyncDispatcher.java:106)
	at java.lang.Thread.run(Thread.java:745)
2015-11-28 02:27:28,978 INFO org.apache.hadoop.yarn.event.AsyncDispatcher: Exiting, bbye..
2015-11-28 02:27:28,984 INFO org.mortbay.log: Stopped SelectChannelConnector@0.0.0.0:8088
2015-11-28 02:27:29,085 INFO org.apache.hadoop.ipc.Server: Stopping server on 8032
2015-11-28 02:27:29,088 INFO org.apache.hadoop.ipc.Server: Stopping server on 8033
2015-11-28 02:27:29,088 INFO org.apache.hadoop.ipc.Server: Stopping IPC Server listener on 8032
2015-11-28 02:27:29,088 INFO org.apache.hadoop.ipc.Server: Stopping IPC Server Responder
2015-11-28 02:27:29,090 INFO org.apache.hadoop.ipc.Server: Stopping IPC Server listener on 8033
2015-11-28 02:27:29,090 INFO org.apache.hadoop.ipc.Server: Stopping IPC Server Responder
